{"meta": {"format": 3, "version": "7.13.3", "timestamp": "2026-04-11T16:26:31.237609", "branch_coverage": false, "show_contexts": false}, "files": {"app\\__init__.py": {"executed_lines": [2], "summary": {"covered_lines": 1, "num_statements": 1, "percent_covered": 100.0, "percent_covered_display": "100", "missing_lines": 0, "excluded_lines": 0, "percent_statements_covered": 100.0, "percent_statements_covered_display": "100"}, "missing_lines": [], "excluded_lines": [], "functions": {"": {"executed_lines": [2], "summary": {"covered_lines": 1, "num_statements": 1, "percent_covered": 100.0, "percent_covered_display": "100", "missing_lines": 0, "excluded_lines": 0, "percent_statements_covered": 100.0, "percent_statements_covered_display": "100"}, "missing_lines": [], "excluded_lines": [], "start_line": 1}}, "classes": {"": {"executed_lines": [2], "summary": {"covered_lines": 1, "num_statements": 1, "percent_covered": 100.0, "percent_covered_display": "100", "missing_lines": 0, "excluded_lines": 0, "percent_statements_covered": 100.0, "percent_statements_covered_display": "100"}, "missing_lines": [], "excluded_lines": [], "start_line": 1}}}, "app\\api\\__init__.py": {"executed_lines": [], "summary": {"covered_lines": 0, "num_statements": 0, "percent_covered": 100.0, "percent_covered_display": "100", "missing_lines": 0, "excluded_lines": 0, "percent_statements_covered": 100.0, "percent_statements_covered_display": "100"}, "missing_lines": [], "excluded_lines": [], "functions": {"": {"executed_lines": [], "summary": {"covered_lines": 0, "num_statements": 0, "percent_covered": 100.0, "percent_covered_display": "100", "missing_lines": 0, "excluded_lines": 0, "percent_statements_covered": 100.0, "percent_statements_covered_display": "100"}, "missing_lines": [], "excluded_lines": [], "start_line": 1}}, "classes": {"": {"executed_lines": [], "summary": {"covered_lines": 0, "num_statements": 0, "percent_covered": 100.0, "percent_covered_display": "100", "missing_lines": 0, "excluded_lines": 0, "percent_statements_covered": 100.0, "percent_statements_covered_display": "100"}, "missing_lines": [], "excluded_lines": [], "start_line": 1}}}, "app\\api\\actions.py": {"executed_lines": [], "summary": {"covered_lines": 0, "num_statements": 44, "percent_covered": 0.0, "percent_covered_display": "0", "missing_lines": 44, "excluded_lines": 0, "percent_statements_covered": 0.0, "percent_statements_covered_display": "0"}, "missing_lines": [1, 2, 3, 4, 5, 7, 8, 9, 11, 13, 14, 15, 16, 18, 19, 20, 21, 22, 23, 24, 25, 27, 28, 30, 31, 36, 42, 44, 45, 50, 51, 52, 53, 54, 55, 56, 57, 58, 59, 61, 62, 67, 68, 73], "excluded_lines": [], "functions": {"create_action": {"executed_lines": [], "summary": {"covered_lines": 0, "num_statements": 2, "percent_covered": 0.0, "percent_covered_display": "0", "missing_lines": 2, "excluded_lines": 0, "percent_statements_covered": 0.0, "percent_statements_covered_display": "0"}, "missing_lines": [36, 42], "excluded_lines": [], "start_line": 31}, "execute_action": {"executed_lines": [], "summary": {"covered_lines": 0, "num_statements": 10, "percent_covered": 0.0, "percent_covered_display": "0", "missing_lines": 10, "excluded_lines": 0, "percent_statements_covered": 0.0, "percent_statements_covered_display": "0"}, "missing_lines": [50, 51, 52, 53, 54, 55, 56, 57, 58, 59], "excluded_lines": [], "start_line": 45}, "get_conversation_actions": {"executed_lines": [], "summary": {"covered_lines": 0, "num_statements": 3, "percent_covered": 0.0, "percent_covered_display": "0", "missing_lines": 3, "excluded_lines": 0, "percent_statements_covered": 0.0, "percent_statements_covered_display": "0"}, "missing_lines": [67, 68, 73], "excluded_lines": [], "start_line": 62}, "": {"executed_lines": [], "summary": {"covered_lines": 0, "num_statements": 29, "percent_covered": 0.0, "percent_covered_display": "0", "missing_lines": 29, "excluded_lines": 0, "percent_statements_covered": 0.0, "percent_statements_covered_display": "0"}, "missing_lines": [1, 2, 3, 4, 5, 7, 8, 9, 11, 13, 14, 15, 16, 18, 19, 20, 21, 22, 23, 24, 25, 27, 28, 30, 31, 44, 45, 61, 62], "excluded_lines": [], "start_line": 1}}, "classes": {"ActionCreate": {"executed_lines": [], "summary": {"covered_lines": 0, "num_statements": 0, "percent_covered": 100.0, "percent_covered_display": "100", "missing_lines": 0, "excluded_lines": 0, "percent_statements_covered": 100.0, "percent_statements_covered_display": "100"}, "missing_lines": [], "excluded_lines": [], "start_line": 13}, "ActionResponse": {"executed_lines": [], "summary": {"covered_lines": 0, "num_statements": 0, "percent_covered": 100.0, "percent_covered_display": "100", "missing_lines": 0, "excluded_lines": 0, "percent_statements_covered": 100.0, "percent_statements_covered_display": "100"}, "missing_lines": [], "excluded_lines": [], "start_line": 18}, "ActionResponse.Config": {"executed_lines": [], "summary": {"covered_lines": 0, "num_statements": 0, "percent_covered": 100.0, "percent_covered_display": "100", "missing_lines": 0, "excluded_lines": 0, "percent_statements_covered": 100.0, "percent_statements_covered_display": "100"}, "missing_lines": [], "excluded_lines": [], "start_line": 27}, "": {"executed_lines": [], "summary": {"covered_lines": 0, "num_statements": 44, "percent_covered": 0.0, "percent_covered_display": "0", "missing_lines": 44, "excluded_lines": 0, "percent_statements_covered": 0.0, "percent_statements_covered_display": "0"}, "missing_lines": [1, 2, 3, 4, 5, 7, 8, 9, 11, 13, 14, 15, 16, 18, 19, 20, 21, 22, 23, 24, 25, 27, 28, 30, 31, 36, 42, 44, 45, 50, 51, 52, 53, 54, 55, 56, 57, 58, 59, 61, 62, 67, 68, 73], "excluded_lines": [], "start_line": 1}}}, "app\\api\\admin.py": {"executed_lines": [], "summary": {"covered_lines": 0, "num_statements": 337, "percent_covered": 0.0, "percent_covered_display": "0", "missing_lines": 337, "excluded_lines": 0, "percent_statements_covered": 0.0, "percent_statements_covered_display": "0"}, "missing_lines": [3, 4, 5, 6, 7, 8, 9, 10, 11, 12, 13, 15, 16, 17, 18, 19, 20, 21, 23, 25, 30, 32, 33, 34, 35, 38, 39, 40, 41, 44, 45, 46, 48, 49, 50, 51, 53, 54, 55, 58, 59, 60, 61, 62, 63, 64, 69, 70, 88, 89, 92, 97, 98, 101, 102, 103, 110, 113, 116, 117, 120, 123, 124, 125, 126, 127, 133, 134, 137, 138, 139, 141, 142, 143, 146, 153, 157, 159, 172, 178, 179, 180, 183, 184, 190, 191, 195, 197, 198, 201, 206, 208, 209, 210, 211, 214, 221, 222, 224, 249, 250, 251, 252, 253, 256, 257, 274, 275, 279, 281, 282, 285, 286, 287, 288, 289, 291, 293, 294, 296, 307, 308, 309, 310, 311, 312, 315, 316, 327, 328, 329, 331, 332, 334, 338, 340, 341, 343, 344, 345, 346, 347, 349, 360, 361, 362, 363, 364, 365, 368, 369, 375, 376, 380, 382, 383, 385, 386, 388, 389, 390, 391, 392, 393, 394, 399, 400, 405, 407, 410, 411, 412, 417, 420, 424, 427, 431, 434, 438, 441, 442, 443, 444, 447, 448, 449, 454, 456, 470, 471, 472, 477, 478, 501, 502, 504, 507, 508, 511, 512, 513, 514, 515, 516, 518, 519, 520, 521, 522, 523, 526, 527, 530, 531, 536, 537, 538, 539, 540, 541, 542, 543, 544, 545, 546, 547, 548, 549, 550, 551, 552, 554, 555, 558, 559, 561, 562, 565, 566, 567, 568, 570, 584, 586, 592, 593, 594, 599, 600, 615, 616, 619, 623, 625, 626, 629, 637, 638, 639, 640, 642, 643, 644, 646, 647, 648, 650, 651, 652, 655, 656, 658, 667, 668, 669, 670, 671, 672, 677, 678, 692, 693, 696, 700, 702, 703, 709, 714, 717, 718, 719, 728, 730, 734, 735, 736, 737, 738, 743, 744, 764, 766, 769, 774, 775, 778, 779, 780, 781, 782, 783, 785, 786, 787, 788, 789, 790, 793, 794, 795, 802, 805, 806, 809, 810, 824, 827, 828, 830, 843, 844, 847, 848, 851, 856, 857, 858], "excluded_lines": [], "functions": {"_safe_meta_message_count": {"executed_lines": [], "summary": {"covered_lines": 0, "num_statements": 3, "percent_covered": 0.0, "percent_covered_display": "0", "missing_lines": 3, "excluded_lines": 0, "percent_statements_covered": 0.0, "percent_statements_covered_display": "0"}, "missing_lines": [39, 40, 41], "excluded_lines": [], "start_line": 38}, "_lead_session_ids": {"executed_lines": [], "summary": {"covered_lines": 0, "num_statements": 16, "percent_covered": 0.0, "percent_covered_display": "0", "missing_lines": 16, "excluded_lines": 0, "percent_statements_covered": 0.0, "percent_statements_covered_display": "0"}, "missing_lines": [45, 46, 48, 49, 50, 51, 53, 54, 55, 58, 59, 60, 61, 62, 63, 64], "excluded_lines": [], "start_line": 44}, "get_leads": {"executed_lines": [], "summary": {"covered_lines": 0, "num_statements": 34, "percent_covered": 0.0, "percent_covered_display": "0", "missing_lines": 34, "excluded_lines": 0, "percent_statements_covered": 0.0, "percent_statements_covered_display": "0"}, "missing_lines": [88, 89, 92, 97, 98, 101, 102, 103, 110, 113, 116, 117, 120, 123, 124, 125, 126, 127, 133, 134, 137, 138, 139, 141, 142, 143, 146, 153, 157, 159, 172, 178, 179, 180], "excluded_lines": [], "start_line": 70}, "get_lead_detail": {"executed_lines": [], "summary": {"covered_lines": 0, "num_statements": 20, "percent_covered": 0.0, "percent_covered_display": "0", "missing_lines": 20, "excluded_lines": 0, "percent_statements_covered": 0.0, "percent_statements_covered_display": "0"}, "missing_lines": [190, 191, 195, 197, 198, 201, 206, 208, 209, 210, 211, 214, 221, 222, 224, 249, 250, 251, 252, 253], "excluded_lines": [], "start_line": 184}, "update_lead": {"executed_lines": [], "summary": {"covered_lines": 0, "num_statements": 20, "percent_covered": 0.0, "percent_covered_display": "0", "missing_lines": 20, "excluded_lines": 0, "percent_statements_covered": 0.0, "percent_statements_covered_display": "0"}, "missing_lines": [274, 275, 279, 281, 282, 285, 286, 287, 288, 289, 291, 293, 294, 296, 307, 308, 309, 310, 311, 312], "excluded_lines": [], "start_line": 257}, "capture_lead_name": {"executed_lines": [], "summary": {"covered_lines": 0, "num_statements": 21, "percent_covered": 0.0, "percent_covered_display": "0", "missing_lines": 21, "excluded_lines": 0, "percent_statements_covered": 0.0, "percent_statements_covered_display": "0"}, "missing_lines": [327, 328, 329, 331, 332, 334, 338, 340, 341, 343, 344, 345, 346, 347, 349, 360, 361, 362, 363, 364, 365], "excluded_lines": [], "start_line": 316}, "delete_lead": {"executed_lines": [], "summary": {"covered_lines": 0, "num_statements": 14, "percent_covered": 0.0, "percent_covered_display": "0", "missing_lines": 14, "excluded_lines": 0, "percent_statements_covered": 0.0, "percent_statements_covered_display": "0"}, "missing_lines": [375, 376, 380, 382, 383, 385, 386, 388, 389, 390, 391, 392, 393, 394], "excluded_lines": [], "start_line": 369}, "get_leads_analytics": {"executed_lines": [], "summary": {"covered_lines": 0, "num_statements": 24, "percent_covered": 0.0, "percent_covered_display": "0", "missing_lines": 24, "excluded_lines": 0, "percent_statements_covered": 0.0, "percent_statements_covered_display": "0"}, "missing_lines": [405, 407, 410, 411, 412, 417, 420, 424, 427, 431, 434, 438, 441, 442, 443, 444, 447, 448, 449, 454, 456, 470, 471, 472], "excluded_lines": [], "start_line": 400}, "get_activity_logs": {"executed_lines": [], "summary": {"covered_lines": 0, "num_statements": 54, "percent_covered": 0.0, "percent_covered_display": "0", "missing_lines": 54, "excluded_lines": 0, "percent_statements_covered": 0.0, "percent_statements_covered_display": "0"}, "missing_lines": [501, 502, 504, 507, 508, 511, 512, 513, 514, 515, 516, 518, 519, 520, 521, 522, 523, 526, 527, 530, 531, 536, 537, 538, 539, 540, 541, 542, 543, 544, 545, 546, 547, 548, 549, 550, 551, 552, 554, 555, 558, 559, 561, 562, 565, 566, 567, 568, 570, 584, 586, 592, 593, 594], "excluded_lines": [], "start_line": 478}, "update_lead_put": {"executed_lines": [], "summary": {"covered_lines": 0, "num_statements": 29, "percent_covered": 0.0, "percent_covered_display": "0", "missing_lines": 29, "excluded_lines": 0, "percent_statements_covered": 0.0, "percent_statements_covered_display": "0"}, "missing_lines": [615, 616, 619, 623, 625, 626, 629, 637, 638, 639, 640, 642, 643, 644, 646, 647, 648, 650, 651, 652, 655, 656, 658, 667, 668, 669, 670, 671, 672], "excluded_lines": [], "start_line": 600}, "get_conversation_logs": {"executed_lines": [], "summary": {"covered_lines": 0, "num_statements": 18, "percent_covered": 0.0, "percent_covered_display": "0", "missing_lines": 18, "excluded_lines": 0, "percent_statements_covered": 0.0, "percent_statements_covered_display": "0"}, "missing_lines": [692, 693, 696, 700, 702, 703, 709, 714, 717, 718, 719, 728, 730, 734, 735, 736, 737, 738], "excluded_lines": [], "start_line": 678}, "export_leads": {"executed_lines": [], "summary": {"covered_lines": 0, "num_statements": 37, "percent_covered": 0.0, "percent_covered_display": "0", "missing_lines": 37, "excluded_lines": 0, "percent_statements_covered": 0.0, "percent_statements_covered_display": "0"}, "missing_lines": [764, 766, 769, 774, 775, 778, 779, 780, 781, 782, 783, 785, 786, 787, 788, 789, 790, 793, 794, 795, 802, 805, 806, 809, 810, 824, 827, 828, 830, 843, 844, 847, 848, 851, 856, 857, 858], "excluded_lines": [], "start_line": 744}, "": {"executed_lines": [], "summary": {"covered_lines": 0, "num_statements": 47, "percent_covered": 0.0, "percent_covered_display": "0", "missing_lines": 47, "excluded_lines": 0, "percent_statements_covered": 0.0, "percent_statements_covered_display": "0"}, "missing_lines": [3, 4, 5, 6, 7, 8, 9, 10, 11, 12, 13, 15, 16, 17, 18, 19, 20, 21, 23, 25, 30, 32, 33, 34, 35, 38, 44, 69, 70, 183, 184, 256, 257, 315, 316, 368, 369, 399, 400, 477, 478, 599, 600, 677, 678, 743, 744], "excluded_lines": [], "start_line": 1}}, "classes": {"LeadUpdateRequest": {"executed_lines": [], "summary": {"covered_lines": 0, "num_statements": 0, "percent_covered": 100.0, "percent_covered_display": "100", "missing_lines": 0, "excluded_lines": 0, "percent_statements_covered": 100.0, "percent_statements_covered_display": "100"}, "missing_lines": [], "excluded_lines": [], "start_line": 30}, "": {"executed_lines": [], "summary": {"covered_lines": 0, "num_statements": 337, "percent_covered": 0.0, "percent_covered_display": "0", "missing_lines": 337, "excluded_lines": 0, "percent_statements_covered": 0.0, "percent_statements_covered_display": "0"}, "missing_lines": [3, 4, 5, 6, 7, 8, 9, 10, 11, 12, 13, 15, 16, 17, 18, 19, 20, 21, 23, 25, 30, 32, 33, 34, 35, 38, 39, 40, 41, 44, 45, 46, 48, 49, 50, 51, 53, 54, 55, 58, 59, 60, 61, 62, 63, 64, 69, 70, 88, 89, 92, 97, 98, 101, 102, 103, 110, 113, 116, 117, 120, 123, 124, 125, 126, 127, 133, 134, 137, 138, 139, 141, 142, 143, 146, 153, 157, 159, 172, 178, 179, 180, 183, 184, 190, 191, 195, 197, 198, 201, 206, 208, 209, 210, 211, 214, 221, 222, 224, 249, 250, 251, 252, 253, 256, 257, 274, 275, 279, 281, 282, 285, 286, 287, 288, 289, 291, 293, 294, 296, 307, 308, 309, 310, 311, 312, 315, 316, 327, 328, 329, 331, 332, 334, 338, 340, 341, 343, 344, 345, 346, 347, 349, 360, 361, 362, 363, 364, 365, 368, 369, 375, 376, 380, 382, 383, 385, 386, 388, 389, 390, 391, 392, 393, 394, 399, 400, 405, 407, 410, 411, 412, 417, 420, 424, 427, 431, 434, 438, 441, 442, 443, 444, 447, 448, 449, 454, 456, 470, 471, 472, 477, 478, 501, 502, 504, 507, 508, 511, 512, 513, 514, 515, 516, 518, 519, 520, 521, 522, 523, 526, 527, 530, 531, 536, 537, 538, 539, 540, 541, 542, 543, 544, 545, 546, 547, 548, 549, 550, 551, 552, 554, 555, 558, 559, 561, 562, 565, 566, 567, 568, 570, 584, 586, 592, 593, 594, 599, 600, 615, 616, 619, 623, 625, 626, 629, 637, 638, 639, 640, 642, 643, 644, 646, 647, 648, 650, 651, 652, 655, 656, 658, 667, 668, 669, 670, 671, 672, 677, 678, 692, 693, 696, 700, 702, 703, 709, 714, 717, 718, 719, 728, 730, 734, 735, 736, 737, 738, 743, 744, 764, 766, 769, 774, 775, 778, 779, 780, 781, 782, 783, 785, 786, 787, 788, 789, 790, 793, 794, 795, 802, 805, 806, 809, 810, 824, 827, 828, 830, 843, 844, 847, 848, 851, 856, 857, 858], "excluded_lines": [], "start_line": 1}}}, "app\\api\\auth.py": {"executed_lines": [], "summary": {"covered_lines": 0, "num_statements": 61, "percent_covered": 0.0, "percent_covered_display": "0", "missing_lines": 61, "excluded_lines": 0, "percent_statements_covered": 0.0, "percent_statements_covered_display": "0"}, "missing_lines": [3, 4, 5, 6, 7, 8, 9, 11, 12, 13, 14, 15, 16, 18, 21, 24, 25, 26, 27, 30, 31, 32, 33, 34, 35, 37, 38, 41, 42, 43, 46, 48, 51, 53, 56, 57, 60, 61, 63, 64, 70, 72, 78, 79, 80, 82, 85, 86, 92, 93, 94, 95, 96, 101, 102, 109, 110, 115, 121, 122, 124], "excluded_lines": [], "functions": {"verify_password": {"executed_lines": [], "summary": {"covered_lines": 0, "num_statements": 1, "percent_covered": 0.0, "percent_covered_display": "0", "missing_lines": 1, "excluded_lines": 0, "percent_statements_covered": 0.0, "percent_statements_covered_display": "0"}, "missing_lines": [48], "excluded_lines": [], "start_line": 46}, "get_password_hash": {"executed_lines": [], "summary": {"covered_lines": 0, "num_statements": 1, "percent_covered": 0.0, "percent_covered_display": "0", "missing_lines": 1, "excluded_lines": 0, "percent_statements_covered": 0.0, "percent_statements_covered_display": "0"}, "missing_lines": [53], "excluded_lines": [], "start_line": 51}, "register": {"executed_lines": [], "summary": {"covered_lines": 0, "num_statements": 10, "percent_covered": 0.0, "percent_covered_display": "0", "missing_lines": 10, "excluded_lines": 0, "percent_statements_covered": 0.0, "percent_statements_covered_display": "0"}, "missing_lines": [60, 61, 63, 64, 70, 72, 78, 79, 80, 82], "excluded_lines": [], "start_line": 57}, "login": {"executed_lines": [], "summary": {"covered_lines": 0, "num_statements": 10, "percent_covered": 0.0, "percent_covered_display": "0", "missing_lines": 10, "excluded_lines": 0, "percent_statements_covered": 0.0, "percent_statements_covered_display": "0"}, "missing_lines": [92, 93, 94, 95, 96, 101, 102, 109, 110, 115], "excluded_lines": [], "start_line": 86}, "get_me": {"executed_lines": [], "summary": {"covered_lines": 0, "num_statements": 1, "percent_covered": 0.0, "percent_covered_display": "0", "missing_lines": 1, "excluded_lines": 0, "percent_statements_covered": 0.0, "percent_statements_covered_display": "0"}, "missing_lines": [124], "excluded_lines": [], "start_line": 122}, "": {"executed_lines": [], "summary": {"covered_lines": 0, "num_statements": 38, "percent_covered": 0.0, "percent_covered_display": "0", "missing_lines": 38, "excluded_lines": 0, "percent_statements_covered": 0.0, "percent_statements_covered_display": "0"}, "missing_lines": [3, 4, 5, 6, 7, 8, 9, 11, 12, 13, 14, 15, 16, 18, 21, 24, 25, 26, 27, 30, 31, 32, 33, 34, 35, 37, 38, 41, 42, 43, 46, 51, 56, 57, 85, 86, 121, 122], "excluded_lines": [], "start_line": 1}}, "classes": {"UserRegister": {"executed_lines": [], "summary": {"covered_lines": 0, "num_statements": 0, "percent_covered": 100.0, "percent_covered_display": "100", "missing_lines": 0, "excluded_lines": 0, "percent_statements_covered": 100.0, "percent_statements_covered_display": "100"}, "missing_lines": [], "excluded_lines": [], "start_line": 24}, "UserResponse": {"executed_lines": [], "summary": {"covered_lines": 0, "num_statements": 0, "percent_covered": 100.0, "percent_covered_display": "100", "missing_lines": 0, "excluded_lines": 0, "percent_statements_covered": 100.0, "percent_statements_covered_display": "100"}, "missing_lines": [], "excluded_lines": [], "start_line": 30}, "UserResponse.Config": {"executed_lines": [], "summary": {"covered_lines": 0, "num_statements": 0, "percent_covered": 100.0, "percent_covered_display": "100", "missing_lines": 0, "excluded_lines": 0, "percent_statements_covered": 100.0, "percent_statements_covered_display": "100"}, "missing_lines": [], "excluded_lines": [], "start_line": 37}, "TokenResponse": {"executed_lines": [], "summary": {"covered_lines": 0, "num_statements": 0, "percent_covered": 100.0, "percent_covered_display": "100", "missing_lines": 0, "excluded_lines": 0, "percent_statements_covered": 100.0, "percent_statements_covered_display": "100"}, "missing_lines": [], "excluded_lines": [], "start_line": 41}, "": {"executed_lines": [], "summary": {"covered_lines": 0, "num_statements": 61, "percent_covered": 0.0, "percent_covered_display": "0", "missing_lines": 61, "excluded_lines": 0, "percent_statements_covered": 0.0, "percent_statements_covered_display": "0"}, "missing_lines": [3, 4, 5, 6, 7, 8, 9, 11, 12, 13, 14, 15, 16, 18, 21, 24, 25, 26, 27, 30, 31, 32, 33, 34, 35, 37, 38, 41, 42, 43, 46, 48, 51, 53, 56, 57, 60, 61, 63, 64, 70, 72, 78, 79, 80, 82, 85, 86, 92, 93, 94, 95, 96, 101, 102, 109, 110, 115, 121, 122, 124], "excluded_lines": [], "start_line": 1}}}, "app\\api\\chat.py": {"executed_lines": [], "summary": {"covered_lines": 0, "num_statements": 191, "percent_covered": 0.0, "percent_covered_display": "0", "missing_lines": 191, "excluded_lines": 0, "percent_statements_covered": 0.0, "percent_statements_covered_display": "0"}, "missing_lines": [3, 4, 5, 6, 7, 8, 9, 10, 12, 13, 14, 15, 16, 17, 18, 26, 27, 28, 30, 32, 37, 38, 44, 45, 51, 52, 53, 55, 56, 57, 58, 59, 60, 63, 64, 71, 72, 80, 83, 84, 85, 87, 88, 89, 90, 93, 94, 100, 111, 113, 114, 116, 117, 119, 122, 123, 130, 137, 139, 140, 142, 143, 144, 145, 146, 148, 150, 151, 153, 156, 157, 164, 171, 173, 174, 176, 177, 178, 180, 182, 183, 185, 188, 189, 195, 202, 204, 205, 207, 208, 210, 215, 216, 223, 229, 230, 232, 237, 238, 243, 244, 254, 255, 258, 259, 260, 265, 266, 267, 268, 270, 278, 286, 287, 288, 289, 290, 291, 292, 295, 296, 311, 313, 314, 319, 320, 321, 322, 323, 326, 327, 329, 330, 335, 337, 339, 352, 353, 356, 357, 360, 363, 364, 365, 366, 367, 370, 376, 377, 380, 387, 390, 392, 393, 401, 403, 404, 407, 419, 420, 423, 424, 425, 426, 427, 428, 429, 432, 438, 440, 443, 444, 445, 446, 447, 448, 455, 456, 465, 466, 467, 471, 472, 473, 482, 492, 493, 494, 495, 496, 497], "excluded_lines": [], "functions": {"create_conversation": {"executed_lines": [], "summary": {"covered_lines": 0, "num_statements": 11, "percent_covered": 0.0, "percent_covered_display": "0", "missing_lines": 11, "excluded_lines": 0, "percent_statements_covered": 0.0, "percent_statements_covered_display": "0"}, "missing_lines": [44, 45, 51, 52, 53, 55, 56, 57, 58, 59, 60], "excluded_lines": [], "start_line": 38}, "list_conversations": {"executed_lines": [], "summary": {"covered_lines": 0, "num_statements": 10, "percent_covered": 0.0, "percent_covered_display": "0", "missing_lines": 10, "excluded_lines": 0, "percent_statements_covered": 0.0, "percent_statements_covered_display": "0"}, "missing_lines": [71, 72, 80, 83, 84, 85, 87, 88, 89, 90], "excluded_lines": [], "start_line": 64}, "get_conversation": {"executed_lines": [], "summary": {"covered_lines": 0, "num_statements": 7, "percent_covered": 0.0, "percent_covered_display": "0", "missing_lines": 7, "excluded_lines": 0, "percent_statements_covered": 0.0, "percent_statements_covered_display": "0"}, "missing_lines": [100, 111, 113, 114, 116, 117, 119], "excluded_lines": [], "start_line": 94}, "update_conversation": {"executed_lines": [], "summary": {"covered_lines": 0, "num_statements": 13, "percent_covered": 0.0, "percent_covered_display": "0", "missing_lines": 13, "excluded_lines": 0, "percent_statements_covered": 0.0, "percent_statements_covered_display": "0"}, "missing_lines": [130, 137, 139, 140, 142, 143, 144, 145, 146, 148, 150, 151, 153], "excluded_lines": [], "start_line": 123}, "link_knowledge_base": {"executed_lines": [], "summary": {"covered_lines": 0, "num_statements": 11, "percent_covered": 0.0, "percent_covered_display": "0", "missing_lines": 11, "excluded_lines": 0, "percent_statements_covered": 0.0, "percent_statements_covered_display": "0"}, "missing_lines": [164, 171, 173, 174, 176, 177, 178, 180, 182, 183, 185], "excluded_lines": [], "start_line": 157}, "delete_conversation": {"executed_lines": [], "summary": {"covered_lines": 0, "num_statements": 7, "percent_covered": 0.0, "percent_covered_display": "0", "missing_lines": 7, "excluded_lines": 0, "percent_statements_covered": 0.0, "percent_statements_covered_display": "0"}, "missing_lines": [195, 202, 204, 205, 207, 208, 210], "excluded_lines": [], "start_line": 189}, "list_messages": {"executed_lines": [], "summary": {"covered_lines": 0, "num_statements": 6, "percent_covered": 0.0, "percent_covered_display": "0", "missing_lines": 6, "excluded_lines": 0, "percent_statements_covered": 0.0, "percent_statements_covered_display": "0"}, "missing_lines": [223, 229, 230, 232, 237, 238], "excluded_lines": [], "start_line": 216}, "ask_question": {"executed_lines": [], "summary": {"covered_lines": 0, "num_statements": 18, "percent_covered": 0.0, "percent_covered_display": "0", "missing_lines": 18, "excluded_lines": 0, "percent_statements_covered": 0.0, "percent_statements_covered_display": "0"}, "missing_lines": [254, 255, 258, 259, 260, 265, 266, 267, 268, 270, 278, 286, 287, 288, 289, 290, 291, 292], "excluded_lines": [], "start_line": 244}, "ask_question_public": {"executed_lines": [], "summary": {"covered_lines": 0, "num_statements": 70, "percent_covered": 0.0, "percent_covered_display": "0", "missing_lines": 70, "excluded_lines": 0, "percent_statements_covered": 0.0, "percent_statements_covered_display": "0"}, "missing_lines": [311, 313, 314, 319, 320, 321, 322, 323, 326, 327, 329, 330, 335, 337, 339, 352, 353, 356, 357, 360, 363, 364, 365, 366, 367, 370, 376, 377, 380, 387, 390, 392, 393, 401, 403, 404, 407, 419, 420, 423, 424, 425, 426, 427, 428, 429, 432, 438, 440, 443, 444, 445, 446, 447, 448, 455, 456, 465, 466, 467, 471, 472, 473, 482, 492, 493, 494, 495, 496, 497], "excluded_lines": [], "start_line": 296}, "": {"executed_lines": [], "summary": {"covered_lines": 0, "num_statements": 38, "percent_covered": 0.0, "percent_covered_display": "0", "missing_lines": 38, "excluded_lines": 0, "percent_statements_covered": 0.0, "percent_statements_covered_display": "0"}, "missing_lines": [3, 4, 5, 6, 7, 8, 9, 10, 12, 13, 14, 15, 16, 17, 18, 26, 27, 28, 30, 32, 37, 38, 63, 64, 93, 94, 122, 123, 156, 157, 188, 189, 215, 216, 243, 244, 295, 296], "excluded_lines": [], "start_line": 1}}, "classes": {"": {"executed_lines": [], "summary": {"covered_lines": 0, "num_statements": 191, "percent_covered": 0.0, "percent_covered_display": "0", "missing_lines": 191, "excluded_lines": 0, "percent_statements_covered": 0.0, "percent_statements_covered_display": "0"}, "missing_lines": [3, 4, 5, 6, 7, 8, 9, 10, 12, 13, 14, 15, 16, 17, 18, 26, 27, 28, 30, 32, 37, 38, 44, 45, 51, 52, 53, 55, 56, 57, 58, 59, 60, 63, 64, 71, 72, 80, 83, 84, 85, 87, 88, 89, 90, 93, 94, 100, 111, 113, 114, 116, 117, 119, 122, 123, 130, 137, 139, 140, 142, 143, 144, 145, 146, 148, 150, 151, 153, 156, 157, 164, 171, 173, 174, 176, 177, 178, 180, 182, 183, 185, 188, 189, 195, 202, 204, 205, 207, 208, 210, 215, 216, 223, 229, 230, 232, 237, 238, 243, 244, 254, 255, 258, 259, 260, 265, 266, 267, 268, 270, 278, 286, 287, 288, 289, 290, 291, 292, 295, 296, 311, 313, 314, 319, 320, 321, 322, 323, 326, 327, 329, 330, 335, 337, 339, 352, 353, 356, 357, 360, 363, 364, 365, 366, 367, 370, 376, 377, 380, 387, 390, 392, 393, 401, 403, 404, 407, 419, 420, 423, 424, 425, 426, 427, 428, 429, 432, 438, 440, 443, 444, 445, 446, 447, 448, 455, 456, 465, 466, 467, 471, 472, 473, 482, 492, 493, 494, 495, 496, 497], "excluded_lines": [], "start_line": 1}}}, "app\\api\\knowledge.py": {"executed_lines": [], "summary": {"covered_lines": 0, "num_statements": 176, "percent_covered": 0.0, "percent_covered_display": "0", "missing_lines": 176, "excluded_lines": 0, "percent_statements_covered": 0.0, "percent_statements_covered_display": "0"}, "missing_lines": [3, 4, 5, 6, 7, 8, 9, 10, 12, 13, 14, 15, 16, 29, 31, 33, 36, 37, 42, 43, 49, 50, 55, 56, 57, 59, 60, 62, 63, 64, 65, 68, 69, 76, 83, 84, 87, 88, 94, 95, 97, 105, 107, 108, 110, 113, 114, 121, 122, 124, 131, 133, 134, 137, 138, 139, 140, 142, 143, 145, 146, 149, 150, 156, 157, 159, 166, 168, 169, 172, 173, 176, 177, 178, 179, 181, 186, 187, 194, 195, 198, 205, 207, 208, 211, 212, 214, 215, 220, 222, 224, 225, 227, 230, 237, 239, 240, 242, 243, 244, 247, 248, 255, 256, 259, 266, 268, 269, 271, 272, 279, 281, 282, 283, 286, 287, 293, 294, 297, 304, 306, 307, 309, 313, 315, 318, 319, 325, 326, 328, 335, 337, 338, 340, 342, 343, 344, 345, 348, 349, 351, 353, 354, 355, 356, 361, 362, 368, 369, 371, 372, 374, 381, 383, 384, 387, 394, 396, 397, 398, 403, 404, 408, 409, 410, 416, 417, 418, 421, 422, 427, 428, 429, 430, 431, 432], "excluded_lines": [], "functions": {"create_knowledge_base": {"executed_lines": [], "summary": {"covered_lines": 0, "num_statements": 11, "percent_covered": 0.0, "percent_covered_display": "0", "missing_lines": 11, "excluded_lines": 0, "percent_statements_covered": 0.0, "percent_statements_covered_display": "0"}, "missing_lines": [49, 50, 55, 56, 57, 59, 60, 62, 63, 64, 65], "excluded_lines": [], "start_line": 43}, "list_knowledge_bases": {"executed_lines": [], "summary": {"covered_lines": 0, "num_statements": 3, "percent_covered": 0.0, "percent_covered_display": "0", "missing_lines": 3, "excluded_lines": 0, "percent_statements_covered": 0.0, "percent_statements_covered_display": "0"}, "missing_lines": [76, 83, 84], "excluded_lines": [], "start_line": 69}, "get_knowledge_base": {"executed_lines": [], "summary": {"covered_lines": 0, "num_statements": 7, "percent_covered": 0.0, "percent_covered_display": "0", "missing_lines": 7, "excluded_lines": 0, "percent_statements_covered": 0.0, "percent_statements_covered_display": "0"}, "missing_lines": [94, 95, 97, 105, 107, 108, 110], "excluded_lines": [], "start_line": 88}, "update_knowledge_base": {"executed_lines": [], "summary": {"covered_lines": 0, "num_statements": 14, "percent_covered": 0.0, "percent_covered_display": "0", "missing_lines": 14, "excluded_lines": 0, "percent_statements_covered": 0.0, "percent_statements_covered_display": "0"}, "missing_lines": [121, 122, 124, 131, 133, 134, 137, 138, 139, 140, 142, 143, 145, 146], "excluded_lines": [], "start_line": 114}, "delete_knowledge_base": {"executed_lines": [], "summary": {"covered_lines": 0, "num_statements": 13, "percent_covered": 0.0, "percent_covered_display": "0", "missing_lines": 13, "excluded_lines": 0, "percent_statements_covered": 0.0, "percent_statements_covered_display": "0"}, "missing_lines": [156, 157, 159, 166, 168, 169, 172, 173, 176, 177, 178, 179, 181], "excluded_lines": [], "start_line": 150}, "upload_document": {"executed_lines": [], "summary": {"covered_lines": 0, "num_statements": 22, "percent_covered": 0.0, "percent_covered_display": "0", "missing_lines": 22, "excluded_lines": 0, "percent_statements_covered": 0.0, "percent_statements_covered_display": "0"}, "missing_lines": [194, 195, 198, 205, 207, 208, 211, 212, 214, 215, 220, 222, 224, 225, 227, 230, 237, 239, 240, 242, 243, 244], "excluded_lines": [], "start_line": 187}, "add_url": {"executed_lines": [], "summary": {"covered_lines": 0, "num_statements": 12, "percent_covered": 0.0, "percent_covered_display": "0", "missing_lines": 12, "excluded_lines": 0, "percent_statements_covered": 0.0, "percent_statements_covered_display": "0"}, "missing_lines": [255, 256, 259, 266, 268, 269, 271, 272, 279, 281, 282, 283], "excluded_lines": [], "start_line": 248}, "list_documents": {"executed_lines": [], "summary": {"covered_lines": 0, "num_statements": 9, "percent_covered": 0.0, "percent_covered_display": "0", "missing_lines": 9, "excluded_lines": 0, "percent_statements_covered": 0.0, "percent_statements_covered_display": "0"}, "missing_lines": [293, 294, 297, 304, 306, 307, 309, 313, 315], "excluded_lines": [], "start_line": 287}, "delete_document": {"executed_lines": [], "summary": {"covered_lines": 0, "num_statements": 18, "percent_covered": 0.0, "percent_covered_display": "0", "missing_lines": 18, "excluded_lines": 0, "percent_statements_covered": 0.0, "percent_statements_covered_display": "0"}, "missing_lines": [325, 326, 328, 335, 337, 338, 340, 342, 343, 344, 345, 348, 349, 351, 353, 354, 355, 356], "excluded_lines": [], "start_line": 319}, "query_knowledge_base": {"executed_lines": [], "summary": {"covered_lines": 0, "num_statements": 13, "percent_covered": 0.0, "percent_covered_display": "0", "missing_lines": 13, "excluded_lines": 0, "percent_statements_covered": 0.0, "percent_statements_covered_display": "0"}, "missing_lines": [368, 369, 371, 372, 374, 381, 383, 384, 387, 394, 396, 397, 398], "excluded_lines": [], "start_line": 362}, "get_rag_stats": {"executed_lines": [], "summary": {"covered_lines": 0, "num_statements": 6, "percent_covered": 0.0, "percent_covered_display": "0", "missing_lines": 6, "excluded_lines": 0, "percent_statements_covered": 0.0, "percent_statements_covered_display": "0"}, "missing_lines": [408, 409, 410, 416, 417, 418], "excluded_lines": [], "start_line": 404}, "rebuild_index": {"executed_lines": [], "summary": {"covered_lines": 0, "num_statements": 6, "percent_covered": 0.0, "percent_covered_display": "0", "missing_lines": 6, "excluded_lines": 0, "percent_statements_covered": 0.0, "percent_statements_covered_display": "0"}, "missing_lines": [427, 428, 429, 430, 431, 432], "excluded_lines": [], "start_line": 422}, "": {"executed_lines": [], "summary": {"covered_lines": 0, "num_statements": 42, "percent_covered": 0.0, "percent_covered_display": "0", "missing_lines": 42, "excluded_lines": 0, "percent_statements_covered": 0.0, "percent_statements_covered_display": "0"}, "missing_lines": [3, 4, 5, 6, 7, 8, 9, 10, 12, 13, 14, 15, 16, 29, 31, 33, 36, 37, 42, 43, 68, 69, 87, 88, 113, 114, 149, 150, 186, 187, 247, 248, 286, 287, 318, 319, 361, 362, 403, 404, 421, 422], "excluded_lines": [], "start_line": 1}}, "classes": {"": {"executed_lines": [], "summary": {"covered_lines": 0, "num_statements": 176, "percent_covered": 0.0, "percent_covered_display": "0", "missing_lines": 176, "excluded_lines": 0, "percent_statements_covered": 0.0, "percent_statements_covered_display": "0"}, "missing_lines": [3, 4, 5, 6, 7, 8, 9, 10, 12, 13, 14, 15, 16, 29, 31, 33, 36, 37, 42, 43, 49, 50, 55, 56, 57, 59, 60, 62, 63, 64, 65, 68, 69, 76, 83, 84, 87, 88, 94, 95, 97, 105, 107, 108, 110, 113, 114, 121, 122, 124, 131, 133, 134, 137, 138, 139, 140, 142, 143, 145, 146, 149, 150, 156, 157, 159, 166, 168, 169, 172, 173, 176, 177, 178, 179, 181, 186, 187, 194, 195, 198, 205, 207, 208, 211, 212, 214, 215, 220, 222, 224, 225, 227, 230, 237, 239, 240, 242, 243, 244, 247, 248, 255, 256, 259, 266, 268, 269, 271, 272, 279, 281, 282, 283, 286, 287, 293, 294, 297, 304, 306, 307, 309, 313, 315, 318, 319, 325, 326, 328, 335, 337, 338, 340, 342, 343, 344, 345, 348, 349, 351, 353, 354, 355, 356, 361, 362, 368, 369, 371, 372, 374, 381, 383, 384, 387, 394, 396, 397, 398, 403, 404, 408, 409, 410, 416, 417, 418, 421, 422, 427, 428, 429, 430, 431, 432], "excluded_lines": [], "start_line": 1}}}, "app\\core\\__init__.py": {"executed_lines": [], "summary": {"covered_lines": 0, "num_statements": 0, "percent_covered": 100.0, "percent_covered_display": "100", "missing_lines": 0, "excluded_lines": 0, "percent_statements_covered": 100.0, "percent_statements_covered_display": "100"}, "missing_lines": [], "excluded_lines": [], "functions": {"": {"executed_lines": [], "summary": {"covered_lines": 0, "num_statements": 0, "percent_covered": 100.0, "percent_covered_display": "100", "missing_lines": 0, "excluded_lines": 0, "percent_statements_covered": 100.0, "percent_statements_covered_display": "100"}, "missing_lines": [], "excluded_lines": [], "start_line": 1}}, "classes": {"": {"executed_lines": [], "summary": {"covered_lines": 0, "num_statements": 0, "percent_covered": 100.0, "percent_covered_display": "100", "missing_lines": 0, "excluded_lines": 0, "percent_statements_covered": 100.0, "percent_statements_covered_display": "100"}, "missing_lines": [], "excluded_lines": [], "start_line": 1}}}, "app\\core\\auth.py": {"executed_lines": [], "summary": {"covered_lines": 0, "num_statements": 42, "percent_covered": 0.0, "percent_covered_display": "0", "missing_lines": 42, "excluded_lines": 0, "percent_statements_covered": 0.0, "percent_statements_covered_display": "0"}, "missing_lines": [3, 4, 5, 6, 7, 8, 9, 11, 12, 13, 15, 18, 20, 22, 23, 25, 27, 28, 30, 33, 35, 40, 46, 47, 48, 50, 51, 53, 54, 56, 57, 59, 60, 62, 63, 65, 68, 70, 71, 72, 73, 74], "excluded_lines": [], "functions": {"create_access_token": {"executed_lines": [], "summary": {"covered_lines": 0, "num_statements": 7, "percent_covered": 0.0, "percent_covered_display": "0", "missing_lines": 7, "excluded_lines": 0, "percent_statements_covered": 0.0, "percent_statements_covered_display": "0"}, "missing_lines": [20, 22, 23, 25, 27, 28, 30], "excluded_lines": [], "start_line": 18}, "get_current_user": {"executed_lines": [], "summary": {"covered_lines": 0, "num_statements": 15, "percent_covered": 0.0, "percent_covered_display": "0", "missing_lines": 15, "excluded_lines": 0, "percent_statements_covered": 0.0, "percent_statements_covered_display": "0"}, "missing_lines": [40, 46, 47, 48, 50, 51, 53, 54, 56, 57, 59, 60, 62, 63, 65], "excluded_lines": [], "start_line": 35}, "verify_token": {"executed_lines": [], "summary": {"covered_lines": 0, "num_statements": 5, "percent_covered": 0.0, "percent_covered_display": "0", "missing_lines": 5, "excluded_lines": 0, "percent_statements_covered": 0.0, "percent_statements_covered_display": "0"}, "missing_lines": [70, 71, 72, 73, 74], "excluded_lines": [], "start_line": 68}, "": {"executed_lines": [], "summary": {"covered_lines": 0, "num_statements": 15, "percent_covered": 0.0, "percent_covered_display": "0", "missing_lines": 15, "excluded_lines": 0, "percent_statements_covered": 0.0, "percent_statements_covered_display": "0"}, "missing_lines": [3, 4, 5, 6, 7, 8, 9, 11, 12, 13, 15, 18, 33, 35, 68], "excluded_lines": [], "start_line": 1}}, "classes": {"": {"executed_lines": [], "summary": {"covered_lines": 0, "num_statements": 42, "percent_covered": 0.0, "percent_covered_display": "0", "missing_lines": 42, "excluded_lines": 0, "percent_statements_covered": 0.0, "percent_statements_covered_display": "0"}, "missing_lines": [3, 4, 5, 6, 7, 8, 9, 11, 12, 13, 15, 18, 20, 22, 23, 25, 27, 28, 30, 33, 35, 40, 46, 47, 48, 50, 51, 53, 54, 56, 57, 59, 60, 62, 63, 65, 68, 70, 71, 72, 73, 74], "excluded_lines": [], "start_line": 1}}}, "app\\core\\config.py": {"executed_lines": [1, 2, 3, 6, 7, 13, 14, 15, 16, 17, 20, 21, 22, 23, 26, 27, 30, 31, 32, 35, 36, 37, 38, 41, 42, 43, 44, 47, 48, 49, 53, 54, 57, 58, 59, 60, 61, 62, 65, 66, 67, 68, 71, 74, 75, 76, 79, 81, 82, 83, 84, 87], "summary": {"covered_lines": 52, "num_statements": 52, "percent_covered": 100.0, "percent_covered_display": "100", "missing_lines": 0, "excluded_lines": 0, "percent_statements_covered": 100.0, "percent_statements_covered_display": "100"}, "missing_lines": [], "excluded_lines": [], "functions": {"Settings.validate_cors": {"executed_lines": [84], "summary": {"covered_lines": 1, "num_statements": 1, "percent_covered": 100.0, "percent_covered_display": "100", "missing_lines": 0, "excluded_lines": 0, "percent_statements_covered": 100.0, "percent_statements_covered_display": "100"}, "missing_lines": [], "excluded_lines": [], "start_line": 83}, "": {"executed_lines": [1, 2, 3, 6, 7, 13, 14, 15, 16, 17, 20, 21, 22, 23, 26, 27, 30, 31, 32, 35, 36, 37, 38, 41, 42, 43, 44, 47, 48, 49, 53, 54, 57, 58, 59, 60, 61, 62, 65, 66, 67, 68, 71, 74, 75, 76, 79, 81, 82, 83, 87], "summary": {"covered_lines": 51, "num_statements": 51, "percent_covered": 100.0, "percent_covered_display": "100", "missing_lines": 0, "excluded_lines": 0, "percent_statements_covered": 100.0, "percent_statements_covered_display": "100"}, "missing_lines": [], "excluded_lines": [], "start_line": 1}}, "classes": {"Settings": {"executed_lines": [84], "summary": {"covered_lines": 1, "num_statements": 1, "percent_covered": 100.0, "percent_covered_display": "100", "missing_lines": 0, "excluded_lines": 0, "percent_statements_covered": 100.0, "percent_statements_covered_display": "100"}, "missing_lines": [], "excluded_lines": [], "start_line": 6}, "": {"executed_lines": [1, 2, 3, 6, 7, 13, 14, 15, 16, 17, 20, 21, 22, 23, 26, 27, 30, 31, 32, 35, 36, 37, 38, 41, 42, 43, 44, 47, 48, 49, 53, 54, 57, 58, 59, 60, 61, 62, 65, 66, 67, 68, 71, 74, 75, 76, 79, 81, 82, 83, 87], "summary": {"covered_lines": 51, "num_statements": 51, "percent_covered": 100.0, "percent_covered_display": "100", "missing_lines": 0, "excluded_lines": 0, "percent_statements_covered": 100.0, "percent_statements_covered_display": "100"}, "missing_lines": [], "excluded_lines": [], "start_line": 1}}}, "app\\core\\database.py": {"executed_lines": [], "summary": {"covered_lines": 0, "num_statements": 25, "percent_covered": 0.0, "percent_covered_display": "0", "missing_lines": 25, "excluded_lines": 1, "percent_statements_covered": 0.0, "percent_statements_covered_display": "0"}, "missing_lines": [3, 4, 5, 7, 10, 19, 28, 37, 38, 39, 40, 41, 42, 43, 45, 48, 49, 57, 58, 59, 60, 61, 62, 63, 65], "excluded_lines": [29], "functions": {"get_db": {"executed_lines": [], "summary": {"covered_lines": 0, "num_statements": 8, "percent_covered": 0.0, "percent_covered_display": "0", "missing_lines": 8, "excluded_lines": 1, "percent_statements_covered": 0.0, "percent_statements_covered_display": "0"}, "missing_lines": [37, 38, 39, 40, 41, 42, 43, 45], "excluded_lines": [29], "start_line": 28}, "get_db_context": {"executed_lines": [], "summary": {"covered_lines": 0, "num_statements": 8, "percent_covered": 0.0, "percent_covered_display": "0", "missing_lines": 8, "excluded_lines": 0, "percent_statements_covered": 0.0, "percent_statements_covered_display": "0"}, "missing_lines": [57, 58, 59, 60, 61, 62, 63, 65], "excluded_lines": [], "start_line": 49}, "": {"executed_lines": [], "summary": {"covered_lines": 0, "num_statements": 9, "percent_covered": 0.0, "percent_covered_display": "0", "missing_lines": 9, "excluded_lines": 0, "percent_statements_covered": 0.0, "percent_statements_covered_display": "0"}, "missing_lines": [3, 4, 5, 7, 10, 19, 28, 48, 49], "excluded_lines": [], "start_line": 1}}, "classes": {"": {"executed_lines": [], "summary": {"covered_lines": 0, "num_statements": 25, "percent_covered": 0.0, "percent_covered_display": "0", "missing_lines": 25, "excluded_lines": 1, "percent_statements_covered": 0.0, "percent_statements_covered_display": "0"}, "missing_lines": [3, 4, 5, 7, 10, 19, 28, 37, 38, 39, 40, 41, 42, 43, 45, 48, 49, 57, 58, 59, 60, 61, 62, 63, 65], "excluded_lines": [29], "start_line": 1}}}, "app\\core\\rag\\__init__.py": {"executed_lines": [3, 4, 5, 6, 7, 8, 10], "summary": {"covered_lines": 7, "num_statements": 7, "percent_covered": 100.0, "percent_covered_display": "100", "missing_lines": 0, "excluded_lines": 0, "percent_statements_covered": 100.0, "percent_statements_covered_display": "100"}, "missing_lines": [], "excluded_lines": [], "functions": {"": {"executed_lines": [3, 4, 5, 6, 7, 8, 10], "summary": {"covered_lines": 7, "num_statements": 7, "percent_covered": 100.0, "percent_covered_display": "100", "missing_lines": 0, "excluded_lines": 0, "percent_statements_covered": 100.0, "percent_statements_covered_display": "100"}, "missing_lines": [], "excluded_lines": [], "start_line": 1}}, "classes": {"": {"executed_lines": [3, 4, 5, 6, 7, 8, 10], "summary": {"covered_lines": 7, "num_statements": 7, "percent_covered": 100.0, "percent_covered_display": "100", "missing_lines": 0, "excluded_lines": 0, "percent_statements_covered": 100.0, "percent_statements_covered_display": "100"}, "missing_lines": [], "excluded_lines": [], "start_line": 1}}}, "app\\core\\rag\\document_loader.py": {"executed_lines": [3, 4, 5, 6, 7, 8, 9, 10, 12, 15, 18, 26, 64, 80, 90, 98, 108, 119, 163], "summary": {"covered_lines": 19, "num_statements": 78, "percent_covered": 24.358974358974358, "percent_covered_display": "24", "missing_lines": 59, "excluded_lines": 0, "percent_statements_covered": 24.358974358974358, "percent_statements_covered_display": "24"}, "missing_lines": [36, 38, 39, 41, 43, 44, 49, 50, 52, 59, 66, 67, 68, 69, 70, 71, 72, 73, 75, 76, 77, 78, 82, 83, 84, 85, 87, 88, 92, 94, 95, 96, 100, 101, 102, 103, 104, 105, 106, 110, 111, 114, 115, 117, 129, 131, 132, 133, 135, 138, 139, 141, 144, 145, 147, 153, 157, 158, 159], "excluded_lines": [], "functions": {"DocumentLoader.load_file": {"executed_lines": [], "summary": {"covered_lines": 0, "num_statements": 10, "percent_covered": 0.0, "percent_covered_display": "0", "missing_lines": 10, "excluded_lines": 0, "percent_statements_covered": 0.0, "percent_statements_covered_display": "0"}, "missing_lines": [36, 38, 39, 41, 43, 44, 49, 50, 52, 59], "excluded_lines": [], "start_line": 26}, "DocumentLoader.load_pdf": {"executed_lines": [], "summary": {"covered_lines": 0, "num_statements": 12, "percent_covered": 0.0, "percent_covered_display": "0", "missing_lines": 12, "excluded_lines": 0, "percent_statements_covered": 0.0, "percent_statements_covered_display": "0"}, "missing_lines": [66, 67, 68, 69, 70, 71, 72, 73, 75, 76, 77, 78], "excluded_lines": [], "start_line": 64}, "DocumentLoader.load_text": {"executed_lines": [], "summary": {"covered_lines": 0, "num_statements": 6, "percent_covered": 0.0, "percent_covered_display": "0", "missing_lines": 6, "excluded_lines": 0, "percent_statements_covered": 0.0, "percent_statements_covered_display": "0"}, "missing_lines": [82, 83, 84, 85, 87, 88], "excluded_lines": [], "start_line": 80}, "DocumentLoader.load_markdown": {"executed_lines": [], "summary": {"covered_lines": 0, "num_statements": 4, "percent_covered": 0.0, "percent_covered_display": "0", "missing_lines": 4, "excluded_lines": 0, "percent_statements_covered": 0.0, "percent_statements_covered_display": "0"}, "missing_lines": [92, 94, 95, 96], "excluded_lines": [], "start_line": 90}, "DocumentLoader.load_docx": {"executed_lines": [], "summary": {"covered_lines": 0, "num_statements": 7, "percent_covered": 0.0, "percent_covered_display": "0", "missing_lines": 7, "excluded_lines": 0, "percent_statements_covered": 0.0, "percent_statements_covered_display": "0"}, "missing_lines": [100, 101, 102, 103, 104, 105, 106], "excluded_lines": [], "start_line": 98}, "DocumentLoader.load_html": {"executed_lines": [], "summary": {"covered_lines": 0, "num_statements": 5, "percent_covered": 0.0, "percent_covered_display": "0", "missing_lines": 5, "excluded_lines": 0, "percent_statements_covered": 0.0, "percent_statements_covered_display": "0"}, "missing_lines": [110, 111, 114, 115, 117], "excluded_lines": [], "start_line": 108}, "DocumentLoader.load_from_url": {"executed_lines": [], "summary": {"covered_lines": 0, "num_statements": 15, "percent_covered": 0.0, "percent_covered_display": "0", "missing_lines": 15, "excluded_lines": 0, "percent_statements_covered": 0.0, "percent_statements_covered_display": "0"}, "missing_lines": [129, 131, 132, 133, 135, 138, 139, 141, 144, 145, 147, 153, 157, 158, 159], "excluded_lines": [], "start_line": 119}, "": {"executed_lines": [3, 4, 5, 6, 7, 8, 9, 10, 12, 15, 18, 26, 64, 80, 90, 98, 108, 119, 163], "summary": {"covered_lines": 19, "num_statements": 19, "percent_covered": 100.0, "percent_covered_display": "100", "missing_lines": 0, "excluded_lines": 0, "percent_statements_covered": 100.0, "percent_statements_covered_display": "100"}, "missing_lines": [], "excluded_lines": [], "start_line": 1}}, "classes": {"DocumentLoader": {"executed_lines": [], "summary": {"covered_lines": 0, "num_statements": 59, "percent_covered": 0.0, "percent_covered_display": "0", "missing_lines": 59, "excluded_lines": 0, "percent_statements_covered": 0.0, "percent_statements_covered_display": "0"}, "missing_lines": [36, 38, 39, 41, 43, 44, 49, 50, 52, 59, 66, 67, 68, 69, 70, 71, 72, 73, 75, 76, 77, 78, 82, 83, 84, 85, 87, 88, 92, 94, 95, 96, 100, 101, 102, 103, 104, 105, 106, 110, 111, 114, 115, 117, 129, 131, 132, 133, 135, 138, 139, 141, 144, 145, 147, 153, 157, 158, 159], "excluded_lines": [], "start_line": 15}, "": {"executed_lines": [3, 4, 5, 6, 7, 8, 9, 10, 12, 15, 18, 26, 64, 80, 90, 98, 108, 119, 163], "summary": {"covered_lines": 19, "num_statements": 19, "percent_covered": 100.0, "percent_covered_display": "100", "missing_lines": 0, "excluded_lines": 0, "percent_statements_covered": 100.0, "percent_statements_covered_display": "100"}, "missing_lines": [], "excluded_lines": [], "start_line": 1}}}, "app\\core\\rag\\embedder.py": {"executed_lines": [3, 4, 5, 6, 8, 10, 13, 16, 17, 18, 20, 21, 22, 23, 28, 49, 82, 88, 90, 93, 94, 95], "summary": {"covered_lines": 22, "num_statements": 39, "percent_covered": 56.41025641025641, "percent_covered_display": "56", "missing_lines": 17, "excluded_lines": 0, "percent_statements_covered": 56.41025641025641, "percent_statements_covered_display": "56"}, "missing_lines": [24, 25, 26, 38, 39, 41, 47, 60, 61, 64, 66, 67, 69, 71, 78, 80, 84], "excluded_lines": [], "functions": {"TextEmbedder.__init__": {"executed_lines": [17, 18, 20, 21, 22, 23], "summary": {"covered_lines": 6, "num_statements": 9, "percent_covered": 66.66666666666667, "percent_covered_display": "67", "missing_lines": 3, "excluded_lines": 0, "percent_statements_covered": 66.66666666666667, "percent_statements_covered_display": "67"}, "missing_lines": [24, 25, 26], "excluded_lines": [], "start_line": 16}, "TextEmbedder.embed_text": {"executed_lines": [], "summary": {"covered_lines": 0, "num_statements": 4, "percent_covered": 0.0, "percent_covered_display": "0", "missing_lines": 4, "excluded_lines": 0, "percent_statements_covered": 0.0, "percent_statements_covered_display": "0"}, "missing_lines": [38, 39, 41, 47], "excluded_lines": [], "start_line": 28}, "TextEmbedder.embed_texts": {"executed_lines": [], "summary": {"covered_lines": 0, "num_statements": 9, "percent_covered": 0.0, "percent_covered_display": "0", "missing_lines": 9, "excluded_lines": 0, "percent_statements_covered": 0.0, "percent_statements_covered_display": "0"}, "missing_lines": [60, 61, 64, 66, 67, 69, 71, 78, 80], "excluded_lines": [], "start_line": 49}, "TextEmbedder.get_embedding_dimension": {"executed_lines": [], "summary": {"covered_lines": 0, "num_statements": 1, "percent_covered": 0.0, "percent_covered_display": "0", "missing_lines": 1, "excluded_lines": 0, "percent_statements_covered": 0.0, "percent_statements_covered_display": "0"}, "missing_lines": [84], "excluded_lines": [], "start_line": 82}, "get_embedder": {"executed_lines": [93, 94, 95], "summary": {"covered_lines": 3, "num_statements": 3, "percent_covered": 100.0, "percent_covered_display": "100", "missing_lines": 0, "excluded_lines": 0, "percent_statements_covered": 100.0, "percent_statements_covered_display": "100"}, "missing_lines": [], "excluded_lines": [], "start_line": 90}, "": {"executed_lines": [3, 4, 5, 6, 8, 10, 13, 16, 28, 49, 82, 88, 90], "summary": {"covered_lines": 13, "num_statements": 13, "percent_covered": 100.0, "percent_covered_display": "100", "missing_lines": 0, "excluded_lines": 0, "percent_statements_covered": 100.0, "percent_statements_covered_display": "100"}, "missing_lines": [], "excluded_lines": [], "start_line": 1}}, "classes": {"TextEmbedder": {"executed_lines": [17, 18, 20, 21, 22, 23], "summary": {"covered_lines": 6, "num_statements": 23, "percent_covered": 26.08695652173913, "percent_covered_display": "26", "missing_lines": 17, "excluded_lines": 0, "percent_statements_covered": 26.08695652173913, "percent_statements_covered_display": "26"}, "missing_lines": [24, 25, 26, 38, 39, 41, 47, 60, 61, 64, 66, 67, 69, 71, 78, 80, 84], "excluded_lines": [], "start_line": 13}, "": {"executed_lines": [3, 4, 5, 6, 8, 10, 13, 16, 28, 49, 82, 88, 90, 93, 94, 95], "summary": {"covered_lines": 16, "num_statements": 16, "percent_covered": 100.0, "percent_covered_display": "100", "missing_lines": 0, "excluded_lines": 0, "percent_statements_covered": 100.0, "percent_statements_covered_display": "100"}, "missing_lines": [], "excluded_lines": [], "start_line": 1}}}, "app\\core\\rag\\faiss_manager.py": {"executed_lines": [3, 4, 5, 6, 7, 8, 9, 11, 14, 17, 18, 19, 21, 22, 24, 25, 26, 28, 43, 75, 108, 125, 147, 154, 164], "summary": {"covered_lines": 25, "num_statements": 74, "percent_covered": 33.78378378378378, "percent_covered_display": "34", "missing_lines": 49, "excluded_lines": 0, "percent_statements_covered": 33.78378378378378, "percent_statements_covered_display": "34"}, "missing_lines": [35, 39, 41, 55, 56, 58, 59, 62, 65, 66, 69, 70, 71, 73, 90, 91, 92, 95, 98, 101, 102, 103, 104, 106, 110, 111, 114, 117, 118, 123, 127, 128, 129, 131, 133, 136, 137, 138, 139, 141, 142, 143, 144, 145, 149, 150, 151, 152, 156], "excluded_lines": [], "functions": {"FAISSManager.__init__": {"executed_lines": [18, 19, 21, 22, 24, 25, 26], "summary": {"covered_lines": 7, "num_statements": 7, "percent_covered": 100.0, "percent_covered_display": "100", "missing_lines": 0, "excluded_lines": 0, "percent_statements_covered": 100.0, "percent_statements_covered_display": "100"}, "missing_lines": [], "excluded_lines": [], "start_line": 17}, "FAISSManager.create_index": {"executed_lines": [], "summary": {"covered_lines": 0, "num_statements": 3, "percent_covered": 0.0, "percent_covered_display": "0", "missing_lines": 3, "excluded_lines": 0, "percent_statements_covered": 0.0, "percent_statements_covered_display": "0"}, "missing_lines": [35, 39, 41], "excluded_lines": [], "start_line": 28}, "FAISSManager.add_embeddings": {"executed_lines": [], "summary": {"covered_lines": 0, "num_statements": 11, "percent_covered": 0.0, "percent_covered_display": "0", "missing_lines": 11, "excluded_lines": 0, "percent_statements_covered": 0.0, "percent_statements_covered_display": "0"}, "missing_lines": [55, 56, 58, 59, 62, 65, 66, 69, 70, 71, 73], "excluded_lines": [], "start_line": 43}, "FAISSManager.search": {"executed_lines": [], "summary": {"covered_lines": 0, "num_statements": 10, "percent_covered": 0.0, "percent_covered_display": "0", "missing_lines": 10, "excluded_lines": 0, "percent_statements_covered": 0.0, "percent_statements_covered_display": "0"}, "missing_lines": [90, 91, 92, 95, 98, 101, 102, 103, 104, 106], "excluded_lines": [], "start_line": 75}, "FAISSManager.save": {"executed_lines": [], "summary": {"covered_lines": 0, "num_statements": 6, "percent_covered": 0.0, "percent_covered_display": "0", "missing_lines": 6, "excluded_lines": 0, "percent_statements_covered": 0.0, "percent_statements_covered_display": "0"}, "missing_lines": [110, 111, 114, 117, 118, 123], "excluded_lines": [], "start_line": 108}, "FAISSManager.load": {"executed_lines": [], "summary": {"covered_lines": 0, "num_statements": 14, "percent_covered": 0.0, "percent_covered_display": "0", "missing_lines": 14, "excluded_lines": 0, "percent_statements_covered": 0.0, "percent_statements_covered_display": "0"}, "missing_lines": [127, 128, 129, 131, 133, 136, 137, 138, 139, 141, 142, 143, 144, 145], "excluded_lines": [], "start_line": 125}, "FAISSManager.clear": {"executed_lines": [], "summary": {"covered_lines": 0, "num_statements": 4, "percent_covered": 0.0, "percent_covered_display": "0", "missing_lines": 4, "excluded_lines": 0, "percent_statements_covered": 0.0, "percent_statements_covered_display": "0"}, "missing_lines": [149, 150, 151, 152], "excluded_lines": [], "start_line": 147}, "FAISSManager.get_stats": {"executed_lines": [], "summary": {"covered_lines": 0, "num_statements": 1, "percent_covered": 0.0, "percent_covered_display": "0", "missing_lines": 1, "excluded_lines": 0, "percent_statements_covered": 0.0, "percent_statements_covered_display": "0"}, "missing_lines": [156], "excluded_lines": [], "start_line": 154}, "": {"executed_lines": [3, 4, 5, 6, 7, 8, 9, 11, 14, 17, 28, 43, 75, 108, 125, 147, 154, 164], "summary": {"covered_lines": 18, "num_statements": 18, "percent_covered": 100.0, "percent_covered_display": "100", "missing_lines": 0, "excluded_lines": 0, "percent_statements_covered": 100.0, "percent_statements_covered_display": "100"}, "missing_lines": [], "excluded_lines": [], "start_line": 1}}, "classes": {"FAISSManager": {"executed_lines": [18, 19, 21, 22, 24, 25, 26], "summary": {"covered_lines": 7, "num_statements": 56, "percent_covered": 12.5, "percent_covered_display": "12", "missing_lines": 49, "excluded_lines": 0, "percent_statements_covered": 12.5, "percent_statements_covered_display": "12"}, "missing_lines": [35, 39, 41, 55, 56, 58, 59, 62, 65, 66, 69, 70, 71, 73, 90, 91, 92, 95, 98, 101, 102, 103, 104, 106, 110, 111, 114, 117, 118, 123, 127, 128, 129, 131, 133, 136, 137, 138, 139, 141, 142, 143, 144, 145, 149, 150, 151, 152, 156], "excluded_lines": [], "start_line": 14}, "": {"executed_lines": [3, 4, 5, 6, 7, 8, 9, 11, 14, 17, 28, 43, 75, 108, 125, 147, 154, 164], "summary": {"covered_lines": 18, "num_statements": 18, "percent_covered": 100.0, "percent_covered_display": "100", "missing_lines": 0, "excluded_lines": 0, "percent_statements_covered": 100.0, "percent_statements_covered_display": "100"}, "missing_lines": [], "excluded_lines": [], "start_line": 1}}}, "app\\core\\rag\\generator.py": {"executed_lines": [3, 4, 5, 6, 7, 8, 10, 13, 16, 17, 18, 19, 21, 24, 87, 89, 91, 92, 93, 94, 96, 98, 100, 101, 123, 138, 140, 141, 152, 159, 161, 162, 163, 164, 165, 167, 226], "summary": {"covered_lines": 37, "num_statements": 72, "percent_covered": 51.388888888888886, "percent_covered_display": "51", "missing_lines": 35, "excluded_lines": 0, "percent_statements_covered": 51.388888888888886, "percent_statements_covered_display": "51"}, "missing_lines": [22, 46, 49, 52, 53, 56, 57, 65, 68, 69, 70, 71, 72, 73, 74, 76, 83, 84, 85, 177, 185, 188, 189, 190, 193, 195, 202, 203, 209, 210, 213, 214, 215, 217, 219], "excluded_lines": [], "functions": {"RAGGenerator.__init__": {"executed_lines": [17, 18, 19, 21], "summary": {"covered_lines": 4, "num_statements": 5, "percent_covered": 80.0, "percent_covered_display": "80", "missing_lines": 1, "excluded_lines": 0, "percent_statements_covered": 80.0, "percent_statements_covered_display": "80"}, "missing_lines": [22], "excluded_lines": [], "start_line": 16}, "RAGGenerator.generate_response": {"executed_lines": [], "summary": {"covered_lines": 0, "num_statements": 18, "percent_covered": 0.0, "percent_covered_display": "0", "missing_lines": 18, "excluded_lines": 0, "percent_statements_covered": 0.0, "percent_statements_covered_display": "0"}, "missing_lines": [46, 49, 52, 53, 56, 57, 65, 68, 69, 70, 71, 72, 73, 74, 76, 83, 84, 85], "excluded_lines": [], "start_line": 24}, "RAGGenerator._build_context": {"executed_lines": [89, 91, 92, 93, 94, 96], "summary": {"covered_lines": 6, "num_statements": 6, "percent_covered": 100.0, "percent_covered_display": "100", "missing_lines": 0, "excluded_lines": 0, "percent_statements_covered": 100.0, "percent_statements_covered_display": "100"}, "missing_lines": [], "excluded_lines": [], "start_line": 87}, "RAGGenerator._get_system_prompt": {"executed_lines": [100, 101, 123], "summary": {"covered_lines": 3, "num_statements": 3, "percent_covered": 100.0, "percent_covered_display": "100", "missing_lines": 0, "excluded_lines": 0, "percent_statements_covered": 100.0, "percent_statements_covered_display": "100"}, "missing_lines": [], "excluded_lines": [], "start_line": 98}, "RAGGenerator._build_user_prompt": {"executed_lines": [140, 141, 152], "summary": {"covered_lines": 3, "num_statements": 3, "percent_covered": 100.0, "percent_covered_display": "100", "missing_lines": 0, "excluded_lines": 0, "percent_statements_covered": 100.0, "percent_statements_covered_display": "100"}, "missing_lines": [], "excluded_lines": [], "start_line": 138}, "RAGGenerator._clean_response": {"executed_lines": [161, 162, 163, 164, 165], "summary": {"covered_lines": 5, "num_statements": 5, "percent_covered": 100.0, "percent_covered_display": "100", "missing_lines": 0, "excluded_lines": 0, "percent_statements_covered": 100.0, "percent_statements_covered_display": "100"}, "missing_lines": [], "excluded_lines": [], "start_line": 159}, "RAGGenerator._call_openrouter": {"executed_lines": [], "summary": {"covered_lines": 0, "num_statements": 16, "percent_covered": 0.0, "percent_covered_display": "0", "missing_lines": 16, "excluded_lines": 0, "percent_statements_covered": 0.0, "percent_statements_covered_display": "0"}, "missing_lines": [177, 185, 188, 189, 190, 193, 195, 202, 203, 209, 210, 213, 214, 215, 217, 219], "excluded_lines": [], "start_line": 167}, "": {"executed_lines": [3, 4, 5, 6, 7, 8, 10, 13, 16, 24, 87, 98, 138, 159, 167, 226], "summary": {"covered_lines": 16, "num_statements": 16, "percent_covered": 100.0, "percent_covered_display": "100", "missing_lines": 0, "excluded_lines": 0, "percent_statements_covered": 100.0, "percent_statements_covered_display": "100"}, "missing_lines": [], "excluded_lines": [], "start_line": 1}}, "classes": {"RAGGenerator": {"executed_lines": [17, 18, 19, 21, 89, 91, 92, 93, 94, 96, 100, 101, 123, 140, 141, 152, 161, 162, 163, 164, 165], "summary": {"covered_lines": 21, "num_statements": 56, "percent_covered": 37.5, "percent_covered_display": "38", "missing_lines": 35, "excluded_lines": 0, "percent_statements_covered": 37.5, "percent_statements_covered_display": "38"}, "missing_lines": [22, 46, 49, 52, 53, 56, 57, 65, 68, 69, 70, 71, 72, 73, 74, 76, 83, 84, 85, 177, 185, 188, 189, 190, 193, 195, 202, 203, 209, 210, 213, 214, 215, 217, 219], "excluded_lines": [], "start_line": 13}, "": {"executed_lines": [3, 4, 5, 6, 7, 8, 10, 13, 16, 24, 87, 98, 138, 159, 167, 226], "summary": {"covered_lines": 16, "num_statements": 16, "percent_covered": 100.0, "percent_covered_display": "100", "missing_lines": 0, "excluded_lines": 0, "percent_statements_covered": 100.0, "percent_statements_covered_display": "100"}, "missing_lines": [], "excluded_lines": [], "start_line": 1}}}, "app\\core\\rag\\retriever.py": {"executed_lines": [3, 4, 6, 7, 9, 12, 15, 16, 17, 19, 78, 84], "summary": {"covered_lines": 12, "num_statements": 32, "percent_covered": 37.5, "percent_covered_display": "38", "missing_lines": 20, "excluded_lines": 0, "percent_statements_covered": 37.5, "percent_statements_covered_display": "38"}, "missing_lines": [36, 38, 39, 42, 47, 48, 49, 52, 53, 56, 57, 60, 61, 63, 70, 72, 74, 75, 76, 80], "excluded_lines": [], "functions": {"SemanticRetriever.__init__": {"executed_lines": [16, 17], "summary": {"covered_lines": 2, "num_statements": 2, "percent_covered": 100.0, "percent_covered_display": "100", "missing_lines": 0, "excluded_lines": 0, "percent_statements_covered": 100.0, "percent_statements_covered_display": "100"}, "missing_lines": [], "excluded_lines": [], "start_line": 15}, "SemanticRetriever.retrieve": {"executed_lines": [], "summary": {"covered_lines": 0, "num_statements": 19, "percent_covered": 0.0, "percent_covered_display": "0", "missing_lines": 19, "excluded_lines": 0, "percent_statements_covered": 0.0, "percent_statements_covered_display": "0"}, "missing_lines": [36, 38, 39, 42, 47, 48, 49, 52, 53, 56, 57, 60, 61, 63, 70, 72, 74, 75, 76], "excluded_lines": [], "start_line": 19}, "SemanticRetriever.get_stats": {"executed_lines": [], "summary": {"covered_lines": 0, "num_statements": 1, "percent_covered": 0.0, "percent_covered_display": "0", "missing_lines": 1, "excluded_lines": 0, "percent_statements_covered": 0.0, "percent_statements_covered_display": "0"}, "missing_lines": [80], "excluded_lines": [], "start_line": 78}, "": {"executed_lines": [3, 4, 6, 7, 9, 12, 15, 19, 78, 84], "summary": {"covered_lines": 10, "num_statements": 10, "percent_covered": 100.0, "percent_covered_display": "100", "missing_lines": 0, "excluded_lines": 0, "percent_statements_covered": 100.0, "percent_statements_covered_display": "100"}, "missing_lines": [], "excluded_lines": [], "start_line": 1}}, "classes": {"SemanticRetriever": {"executed_lines": [16, 17], "summary": {"covered_lines": 2, "num_statements": 22, "percent_covered": 9.090909090909092, "percent_covered_display": "9", "missing_lines": 20, "excluded_lines": 0, "percent_statements_covered": 9.090909090909092, "percent_statements_covered_display": "9"}, "missing_lines": [36, 38, 39, 42, 47, 48, 49, 52, 53, 56, 57, 60, 61, 63, 70, 72, 74, 75, 76, 80], "excluded_lines": [], "start_line": 12}, "": {"executed_lines": [3, 4, 6, 7, 9, 12, 15, 19, 78, 84], "summary": {"covered_lines": 10, "num_statements": 10, "percent_covered": 100.0, "percent_covered_display": "100", "missing_lines": 0, "excluded_lines": 0, "percent_statements_covered": 100.0, "percent_statements_covered_display": "100"}, "missing_lines": [], "excluded_lines": [], "start_line": 1}}}, "app\\core\\rag\\text_splitter.py": {"executed_lines": [3, 4, 5, 7, 10, 13, 19, 20, 21, 23, 30, 32, 34, 46, 56], "summary": {"covered_lines": 15, "num_statements": 21, "percent_covered": 71.42857142857143, "percent_covered_display": "71", "missing_lines": 6, "excluded_lines": 0, "percent_statements_covered": 71.42857142857143, "percent_statements_covered_display": "71"}, "missing_lines": [44, 48, 49, 50, 51, 52], "excluded_lines": [], "functions": {"SmartTextSplitter.__init__": {"executed_lines": [19, 20, 21, 23], "summary": {"covered_lines": 4, "num_statements": 4, "percent_covered": 100.0, "percent_covered_display": "100", "missing_lines": 0, "excluded_lines": 0, "percent_statements_covered": 100.0, "percent_statements_covered_display": "100"}, "missing_lines": [], "excluded_lines": [], "start_line": 13}, "SmartTextSplitter._token_length": {"executed_lines": [32], "summary": {"covered_lines": 1, "num_statements": 1, "percent_covered": 100.0, "percent_covered_display": "100", "missing_lines": 0, "excluded_lines": 0, "percent_statements_covered": 100.0, "percent_statements_covered_display": "100"}, "missing_lines": [], "excluded_lines": [], "start_line": 30}, "SmartTextSplitter.split_text": {"executed_lines": [], "summary": {"covered_lines": 0, "num_statements": 1, "percent_covered": 0.0, "percent_covered_display": "0", "missing_lines": 1, "excluded_lines": 0, "percent_statements_covered": 0.0, "percent_statements_covered_display": "0"}, "missing_lines": [44], "excluded_lines": [], "start_line": 34}, "SmartTextSplitter.split_documents": {"executed_lines": [], "summary": {"covered_lines": 0, "num_statements": 5, "percent_covered": 0.0, "percent_covered_display": "0", "missing_lines": 5, "excluded_lines": 0, "percent_statements_covered": 0.0, "percent_statements_covered_display": "0"}, "missing_lines": [48, 49, 50, 51, 52], "excluded_lines": [], "start_line": 46}, "": {"executed_lines": [3, 4, 5, 7, 10, 13, 30, 34, 46, 56], "summary": {"covered_lines": 10, "num_statements": 10, "percent_covered": 100.0, "percent_covered_display": "100", "missing_lines": 0, "excluded_lines": 0, "percent_statements_covered": 100.0, "percent_statements_covered_display": "100"}, "missing_lines": [], "excluded_lines": [], "start_line": 1}}, "classes": {"SmartTextSplitter": {"executed_lines": [19, 20, 21, 23, 32], "summary": {"covered_lines": 5, "num_statements": 11, "percent_covered": 45.45454545454545, "percent_covered_display": "45", "missing_lines": 6, "excluded_lines": 0, "percent_statements_covered": 45.45454545454545, "percent_statements_covered_display": "45"}, "missing_lines": [44, 48, 49, 50, 51, 52], "excluded_lines": [], "start_line": 10}, "": {"executed_lines": [3, 4, 5, 7, 10, 13, 30, 34, 46, 56], "summary": {"covered_lines": 10, "num_statements": 10, "percent_covered": 100.0, "percent_covered_display": "100", "missing_lines": 0, "excluded_lines": 0, "percent_statements_covered": 100.0, "percent_statements_covered_display": "100"}, "missing_lines": [], "excluded_lines": [], "start_line": 1}}}, "app\\core\\redis.py": {"executed_lines": [], "summary": {"covered_lines": 0, "num_statements": 0, "percent_covered": 100.0, "percent_covered_display": "100", "missing_lines": 0, "excluded_lines": 0, "percent_statements_covered": 100.0, "percent_statements_covered_display": "100"}, "missing_lines": [], "excluded_lines": [], "functions": {"": {"executed_lines": [], "summary": {"covered_lines": 0, "num_statements": 0, "percent_covered": 100.0, "percent_covered_display": "100", "missing_lines": 0, "excluded_lines": 0, "percent_statements_covered": 100.0, "percent_statements_covered_display": "100"}, "missing_lines": [], "excluded_lines": [], "start_line": 1}}, "classes": {"": {"executed_lines": [], "summary": {"covered_lines": 0, "num_statements": 0, "percent_covered": 100.0, "percent_covered_display": "100", "missing_lines": 0, "excluded_lines": 0, "percent_statements_covered": 100.0, "percent_statements_covered_display": "100"}, "missing_lines": [], "excluded_lines": [], "start_line": 1}}}, "app\\core\\security.py": {"executed_lines": [], "summary": {"covered_lines": 0, "num_statements": 0, "percent_covered": 100.0, "percent_covered_display": "100", "missing_lines": 0, "excluded_lines": 0, "percent_statements_covered": 100.0, "percent_statements_covered_display": "100"}, "missing_lines": [], "excluded_lines": [], "functions": {"": {"executed_lines": [], "summary": {"covered_lines": 0, "num_statements": 0, "percent_covered": 100.0, "percent_covered_display": "100", "missing_lines": 0, "excluded_lines": 0, "percent_statements_covered": 100.0, "percent_statements_covered_display": "100"}, "missing_lines": [], "excluded_lines": [], "start_line": 1}}, "classes": {"": {"executed_lines": [], "summary": {"covered_lines": 0, "num_statements": 0, "percent_covered": 100.0, "percent_covered_display": "100", "missing_lines": 0, "excluded_lines": 0, "percent_statements_covered": 100.0, "percent_statements_covered_display": "100"}, "missing_lines": [], "excluded_lines": [], "start_line": 1}}}, "app\\integrations\\__init__.py": {"executed_lines": [3, 5], "summary": {"covered_lines": 2, "num_statements": 2, "percent_covered": 100.0, "percent_covered_display": "100", "missing_lines": 0, "excluded_lines": 0, "percent_statements_covered": 100.0, "percent_statements_covered_display": "100"}, "missing_lines": [], "excluded_lines": [], "functions": {"": {"executed_lines": [3, 5], "summary": {"covered_lines": 2, "num_statements": 2, "percent_covered": 100.0, "percent_covered_display": "100", "missing_lines": 0, "excluded_lines": 0, "percent_statements_covered": 100.0, "percent_statements_covered_display": "100"}, "missing_lines": [], "excluded_lines": [], "start_line": 1}}, "classes": {"": {"executed_lines": [3, 5], "summary": {"covered_lines": 2, "num_statements": 2, "percent_covered": 100.0, "percent_covered_display": "100", "missing_lines": 0, "excluded_lines": 0, "percent_statements_covered": 100.0, "percent_statements_covered_display": "100"}, "missing_lines": [], "excluded_lines": [], "start_line": 1}}}, "app\\integrations\\hubspot.py": {"executed_lines": [3, 4, 5, 6, 7, 9, 12, 15, 17, 24, 25, 30, 56, 57, 58, 61, 64, 66, 68, 69, 72, 73, 81, 86, 87, 88, 90, 91, 92, 94, 96, 109, 111, 112, 113, 129, 135, 136, 137, 138, 139, 149, 193, 195, 196, 197, 198, 200, 202, 203, 204, 205, 206, 208, 211, 212, 215, 217, 218, 222, 225, 226, 227, 233, 239, 257, 259, 260, 261, 275], "summary": {"covered_lines": 70, "num_statements": 125, "percent_covered": 56.0, "percent_covered_display": "56", "missing_lines": 55, "excluded_lines": 0, "percent_statements_covered": 56.0, "percent_statements_covered_display": "56"}, "missing_lines": [59, 76, 77, 78, 82, 83, 105, 106, 107, 140, 141, 143, 145, 146, 147, 151, 152, 153, 155, 159, 161, 162, 163, 164, 166, 167, 169, 170, 173, 175, 176, 177, 183, 184, 185, 187, 189, 190, 191, 209, 216, 220, 223, 234, 236, 237, 241, 242, 243, 251, 252, 254, 255, 277, 278], "excluded_lines": [], "functions": {"HubSpotClient.__init__": {"executed_lines": [24, 25], "summary": {"covered_lines": 2, "num_statements": 2, "percent_covered": 100.0, "percent_covered_display": "100", "missing_lines": 0, "excluded_lines": 0, "percent_statements_covered": 100.0, "percent_statements_covered_display": "100"}, "missing_lines": [], "excluded_lines": [], "start_line": 17}, "HubSpotClient.sync_lead": {"executed_lines": [56, 57, 58, 61, 64, 66, 68, 69, 72, 73, 81, 86, 87, 88, 90, 91, 92, 94, 96], "summary": {"covered_lines": 19, "num_statements": 28, "percent_covered": 67.85714285714286, "percent_covered_display": "68", "missing_lines": 9, "excluded_lines": 0, "percent_statements_covered": 67.85714285714286, "percent_statements_covered_display": "68"}, "missing_lines": [59, 76, 77, 78, 82, 83, 105, 106, 107], "excluded_lines": [], "start_line": 30}, "HubSpotClient._get_contact_by_email": {"executed_lines": [111, 112, 113, 129, 135, 136, 137, 138, 139], "summary": {"covered_lines": 9, "num_statements": 15, "percent_covered": 60.0, "percent_covered_display": "60", "missing_lines": 6, "excluded_lines": 0, "percent_statements_covered": 60.0, "percent_statements_covered_display": "60"}, "missing_lines": [140, 141, 143, 145, 146, 147], "excluded_lines": [], "start_line": 109}, "HubSpotClient._create_contact": {"executed_lines": [], "summary": {"covered_lines": 0, "num_statements": 24, "percent_covered": 0.0, "percent_covered_display": "0", "missing_lines": 24, "excluded_lines": 0, "percent_statements_covered": 0.0, "percent_statements_covered_display": "0"}, "missing_lines": [151, 152, 153, 155, 159, 161, 162, 163, 164, 166, 167, 169, 170, 173, 175, 176, 177, 183, 184, 185, 187, 189, 190, 191], "excluded_lines": [], "start_line": 149}, "HubSpotClient._update_contact": {"executed_lines": [195, 196, 197, 198, 200, 202, 203, 204, 205, 206, 208, 211, 212, 215, 217, 218, 222, 225, 226, 227, 233], "summary": {"covered_lines": 21, "num_statements": 28, "percent_covered": 75.0, "percent_covered_display": "75", "missing_lines": 7, "excluded_lines": 0, "percent_statements_covered": 75.0, "percent_statements_covered_display": "75"}, "missing_lines": [209, 216, 220, 223, 234, 236, 237], "excluded_lines": [], "start_line": 193}, "HubSpotClient._add_to_list": {"executed_lines": [], "summary": {"covered_lines": 0, "num_statements": 7, "percent_covered": 0.0, "percent_covered_display": "0", "missing_lines": 7, "excluded_lines": 0, "percent_statements_covered": 0.0, "percent_statements_covered_display": "0"}, "missing_lines": [241, 242, 243, 251, 252, 254, 255], "excluded_lines": [], "start_line": 239}, "HubSpotClient._create_note": {"executed_lines": [259, 260, 261, 275], "summary": {"covered_lines": 4, "num_statements": 6, "percent_covered": 66.66666666666667, "percent_covered_display": "67", "missing_lines": 2, "excluded_lines": 0, "percent_statements_covered": 66.66666666666667, "percent_statements_covered_display": "67"}, "missing_lines": [277, 278], "excluded_lines": [], "start_line": 257}, "": {"executed_lines": [3, 4, 5, 6, 7, 9, 12, 15, 17, 30, 109, 149, 193, 239, 257], "summary": {"covered_lines": 15, "num_statements": 15, "percent_covered": 100.0, "percent_covered_display": "100", "missing_lines": 0, "excluded_lines": 0, "percent_statements_covered": 100.0, "percent_statements_covered_display": "100"}, "missing_lines": [], "excluded_lines": [], "start_line": 1}}, "classes": {"HubSpotClient": {"executed_lines": [24, 25, 56, 57, 58, 61, 64, 66, 68, 69, 72, 73, 81, 86, 87, 88, 90, 91, 92, 94, 96, 111, 112, 113, 129, 135, 136, 137, 138, 139, 195, 196, 197, 198, 200, 202, 203, 204, 205, 206, 208, 211, 212, 215, 217, 218, 222, 225, 226, 227, 233, 259, 260, 261, 275], "summary": {"covered_lines": 55, "num_statements": 110, "percent_covered": 50.0, "percent_covered_display": "50", "missing_lines": 55, "excluded_lines": 0, "percent_statements_covered": 50.0, "percent_statements_covered_display": "50"}, "missing_lines": [59, 76, 77, 78, 82, 83, 105, 106, 107, 140, 141, 143, 145, 146, 147, 151, 152, 153, 155, 159, 161, 162, 163, 164, 166, 167, 169, 170, 173, 175, 176, 177, 183, 184, 185, 187, 189, 190, 191, 209, 216, 220, 223, 234, 236, 237, 241, 242, 243, 251, 252, 254, 255, 277, 278], "excluded_lines": [], "start_line": 12}, "": {"executed_lines": [3, 4, 5, 6, 7, 9, 12, 15, 17, 30, 109, 149, 193, 239, 257], "summary": {"covered_lines": 15, "num_statements": 15, "percent_covered": 100.0, "percent_covered_display": "100", "missing_lines": 0, "excluded_lines": 0, "percent_statements_covered": 100.0, "percent_statements_covered_display": "100"}, "missing_lines": [], "excluded_lines": [], "start_line": 1}}}, "app\\main.py": {"executed_lines": [], "summary": {"covered_lines": 0, "num_statements": 27, "percent_covered": 0.0, "percent_covered_display": "0", "missing_lines": 27, "excluded_lines": 0, "percent_statements_covered": 0.0, "percent_statements_covered_display": "0"}, "missing_lines": [1, 2, 3, 4, 6, 7, 10, 11, 14, 15, 17, 19, 21, 24, 31, 32, 42, 43, 44, 45, 46, 49, 50, 51, 58, 59, 60], "excluded_lines": [], "functions": {"lifespan": {"executed_lines": [], "summary": {"covered_lines": 0, "num_statements": 3, "percent_covered": 0.0, "percent_covered_display": "0", "missing_lines": 3, "excluded_lines": 0, "percent_statements_covered": 0.0, "percent_statements_covered_display": "0"}, "missing_lines": [17, 19, 21], "excluded_lines": [], "start_line": 15}, "root": {"executed_lines": [], "summary": {"covered_lines": 0, "num_statements": 1, "percent_covered": 0.0, "percent_covered_display": "0", "missing_lines": 1, "excluded_lines": 0, "percent_statements_covered": 0.0, "percent_statements_covered_display": "0"}, "missing_lines": [51], "excluded_lines": [], "start_line": 50}, "health": {"executed_lines": [], "summary": {"covered_lines": 0, "num_statements": 1, "percent_covered": 0.0, "percent_covered_display": "0", "missing_lines": 1, "excluded_lines": 0, "percent_statements_covered": 0.0, "percent_statements_covered_display": "0"}, "missing_lines": [60], "excluded_lines": [], "start_line": 59}, "": {"executed_lines": [], "summary": {"covered_lines": 0, "num_statements": 22, "percent_covered": 0.0, "percent_covered_display": "0", "missing_lines": 22, "excluded_lines": 0, "percent_statements_covered": 0.0, "percent_statements_covered_display": "0"}, "missing_lines": [1, 2, 3, 4, 6, 7, 10, 11, 14, 15, 24, 31, 32, 42, 43, 44, 45, 46, 49, 50, 58, 59], "excluded_lines": [], "start_line": 1}}, "classes": {"": {"executed_lines": [], "summary": {"covered_lines": 0, "num_statements": 27, "percent_covered": 0.0, "percent_covered_display": "0", "missing_lines": 27, "excluded_lines": 0, "percent_statements_covered": 0.0, "percent_statements_covered_display": "0"}, "missing_lines": [1, 2, 3, 4, 6, 7, 10, 11, 14, 15, 17, 19, 21, 24, 31, 32, 42, 43, 44, 45, 46, 49, 50, 51, 58, 59, 60], "excluded_lines": [], "start_line": 1}}}, "app\\models\\__init__.py": {"executed_lines": [3, 4, 5, 6, 7, 8, 9, 10, 12], "summary": {"covered_lines": 9, "num_statements": 9, "percent_covered": 100.0, "percent_covered_display": "100", "missing_lines": 0, "excluded_lines": 0, "percent_statements_covered": 100.0, "percent_statements_covered_display": "100"}, "missing_lines": [], "excluded_lines": [], "functions": {"": {"executed_lines": [3, 4, 5, 6, 7, 8, 9, 10, 12], "summary": {"covered_lines": 9, "num_statements": 9, "percent_covered": 100.0, "percent_covered_display": "100", "missing_lines": 0, "excluded_lines": 0, "percent_statements_covered": 100.0, "percent_statements_covered_display": "100"}, "missing_lines": [], "excluded_lines": [], "start_line": 1}}, "classes": {"": {"executed_lines": [3, 4, 5, 6, 7, 8, 9, 10, 12], "summary": {"covered_lines": 9, "num_statements": 9, "percent_covered": 100.0, "percent_covered_display": "100", "missing_lines": 0, "excluded_lines": 0, "percent_statements_covered": 100.0, "percent_statements_covered_display": "100"}, "missing_lines": [], "excluded_lines": [], "start_line": 1}}}, "app\\models\\action.py": {"executed_lines": [3, 4, 5, 6, 8, 11, 13, 14, 15, 16, 17, 20, 22, 23, 24, 25, 28, 31, 32, 34, 41, 47, 54, 60, 67, 70, 72], "summary": {"covered_lines": 27, "num_statements": 28, "percent_covered": 96.42857142857143, "percent_covered_display": "96", "missing_lines": 1, "excluded_lines": 0, "percent_statements_covered": 96.42857142857143, "percent_statements_covered_display": "96"}, "missing_lines": [73], "excluded_lines": [], "functions": {"Action.__repr__": {"executed_lines": [], "
[...]
ed_lines": 0, "percent_statements_covered": 0.0, "percent_statements_covered_display": "0"}, "missing_lines": [121, 122, 123, 125, 128, 129, 130, 132, 133, 135], "excluded_lines": [], "start_line": 113}, "ActionService._sync_crm_real": {"executed_lines": [], "summary": {"covered_lines": 0, "num_statements": 24, "percent_covered": 0.0, "percent_covered_display": "0", "missing_lines": 24, "excluded_lines": 0, "percent_statements_covered": 0.0, "percent_statements_covered_display": "0"}, "missing_lines": [145, 147, 148, 149, 150, 151, 152, 153, 154, 155, 158, 159, 160, 161, 162, 170, 171, 172, 173, 176, 177, 179, 180, 181], "excluded_lines": [], "start_line": 137}, "ActionService._sync_crm_mock": {"executed_lines": [], "summary": {"covered_lines": 0, "num_statements": 7, "percent_covered": 0.0, "percent_covered_display": "0", "missing_lines": 7, "excluded_lines": 0, "percent_statements_covered": 0.0, "percent_statements_covered_display": "0"}, "missing_lines": [185, 187, 188, 189, 191, 200, 201], "excluded_lines": [], "start_line": 183}, "ActionService._calculate_score": {"executed_lines": [], "summary": {"covered_lines": 0, "num_statements": 10, "percent_covered": 0.0, "percent_covered_display": "0", "missing_lines": 10, "excluded_lines": 0, "percent_statements_covered": 0.0, "percent_statements_covered_display": "0"}, "missing_lines": [205, 206, 208, 211, 216, 217, 218, 219, 222, 224], "excluded_lines": [], "start_line": 203}, "ActionService._create_ticket": {"executed_lines": [], "summary": {"covered_lines": 0, "num_statements": 2, "percent_covered": 0.0, "percent_covered_display": "0", "missing_lines": 2, "excluded_lines": 0, "percent_statements_covered": 0.0, "percent_statements_covered_display": "0"}, "missing_lines": [232, 233], "excluded_lines": [], "start_line": 230}, "ActionService.detect_and_handle_actions": {"executed_lines": [], "summary": {"covered_lines": 0, "num_statements": 28, "percent_covered": 0.0, "percent_covered_display": "0", "missing_lines": 28, "excluded_lines": 0, "percent_statements_covered": 0.0, "percent_statements_covered_display": "0"}, "missing_lines": [248, 249, 250, 253, 254, 255, 256, 260, 261, 262, 269, 270, 271, 272, 274, 275, 279, 280, 281, 287, 288, 289, 290, 292, 294, 295, 296, 298], "excluded_lines": [], "start_line": 239}, "": {"executed_lines": [], "summary": {"covered_lines": 0, "num_statements": 23, "percent_covered": 0.0, "percent_covered_display": "0", "missing_lines": 23, "excluded_lines": 0, "percent_statements_covered": 0.0, "percent_statements_covered_display": "0"}, "missing_lines": [1, 2, 3, 4, 5, 6, 7, 8, 10, 11, 13, 15, 18, 25, 45, 86, 113, 137, 183, 203, 230, 239, 300], "excluded_lines": [], "start_line": 1}}, "classes": {"ActionService": {"executed_lines": [], "summary": {"covered_lines": 0, "num_statements": 134, "percent_covered": 0.0, "percent_covered_display": "0", "missing_lines": 134, "excluded_lines": 0, "percent_statements_covered": 0.0, "percent_statements_covered_display": "0"}, "missing_lines": [20, 21, 23, 33, 39, 40, 41, 42, 43, 48, 49, 51, 52, 54, 55, 57, 58, 60, 61, 62, 63, 64, 65, 66, 67, 68, 69, 71, 73, 74, 75, 77, 78, 79, 80, 81, 83, 84, 88, 89, 90, 92, 93, 95, 96, 97, 103, 104, 105, 106, 107, 110, 111, 121, 122, 123, 125, 128, 129, 130, 132, 133, 135, 145, 147, 148, 149, 150, 151, 152, 153, 154, 155, 158, 159, 160, 161, 162, 170, 171, 172, 173, 176, 177, 179, 180, 181, 185, 187, 188, 189, 191, 200, 201, 205, 206, 208, 211, 216, 217, 218, 219, 222, 224, 232, 233, 248, 249, 250, 253, 254, 255, 256, 260, 261, 262, 269, 270, 271, 272, 274, 275, 279, 280, 281, 287, 288, 289, 290, 292, 294, 295, 296, 298], "excluded_lines": [], "start_line": 15}, "": {"executed_lines": [], "summary": {"covered_lines": 0, "num_statements": 23, "percent_covered": 0.0, "percent_covered_display": "0", "missing_lines": 23, "excluded_lines": 0, "percent_statements_covered": 0.0, "percent_statements_covered_display": "0"}, "missing_lines": [1, 2, 3, 4, 5, 6, 7, 8, 10, 11, 13, 15, 18, 25, 45, 86, 113, 137, 183, 203, 230, 239, 300], "excluded_lines": [], "start_line": 1}}}, "app\\services\\chat_service.py": {"executed_lines": [], "summary": {"covered_lines": 0, "num_statements": 94, "percent_covered": 0.0, "percent_covered_display": "0", "missing_lines": 94, "excluded_lines": 0, "percent_statements_covered": 0.0, "percent_statements_covered_display": "0"}, "missing_lines": [3, 4, 5, 6, 7, 8, 9, 11, 12, 13, 14, 15, 17, 19, 22, 35, 40, 42, 43, 46, 52, 53, 55, 61, 66, 67, 70, 71, 72, 73, 74, 76, 78, 80, 82, 83, 87, 90, 91, 92, 93, 94, 95, 96, 98, 101, 103, 104, 105, 108, 109, 114, 115, 117, 118, 119, 124, 126, 127, 129, 130, 135, 138, 139, 143, 146, 158, 159, 162, 163, 171, 172, 173, 174, 175, 177, 178, 179, 181, 196, 204, 207, 213, 214, 215, 217, 223, 225, 226, 227, 228, 229, 230, 232], "excluded_lines": [], "functions": {"ChatService.generate_response": {"executed_lines": [], "summary": {"covered_lines": 0, "num_statements": 64, "percent_covered": 0.0, "percent_covered_display": "0", "missing_lines": 64, "excluded_lines": 0, "percent_statements_covered": 0.0, "percent_statements_covered_display": "0"}, "missing_lines": [35, 40, 42, 43, 46, 52, 53, 55, 61, 66, 67, 70, 71, 72, 73, 74, 76, 78, 80, 82, 83, 87, 90, 91, 92, 93, 94, 95, 96, 98, 101, 103, 104, 105, 108, 109, 114, 115, 117, 118, 119, 124, 126, 127, 129, 130, 135, 138, 139, 143, 146, 158, 159, 162, 163, 171, 172, 173, 174, 175, 177, 178, 179, 181], "excluded_lines": [], "start_line": 22}, "ChatService._generate_normal_response": {"executed_lines": [], "summary": {"covered_lines": 0, "num_statements": 6, "percent_covered": 0.0, "percent_covered_display": "0", "missing_lines": 6, "excluded_lines": 0, "percent_statements_covered": 0.0, "percent_statements_covered_display": "0"}, "missing_lines": [204, 207, 213, 214, 215, 217], "excluded_lines": [], "start_line": 196}, "ChatService.format_conversation_history": {"executed_lines": [], "summary": {"covered_lines": 0, "num_statements": 6, "percent_covered": 0.0, "percent_covered_display": "0", "missing_lines": 6, "excluded_lines": 0, "percent_statements_covered": 0.0, "percent_statements_covered_display": "0"}, "missing_lines": [225, 226, 227, 228, 229, 230], "excluded_lines": [], "start_line": 223}, "": {"executed_lines": [], "summary": {"covered_lines": 0, "num_statements": 18, "percent_covered": 0.0, "percent_covered_display": "0", "missing_lines": 18, "excluded_lines": 0, "percent_statements_covered": 0.0, "percent_statements_covered_display": "0"}, "missing_lines": [3, 4, 5, 6, 7, 8, 9, 11, 12, 13, 14, 15, 17, 19, 22, 196, 223, 232], "excluded_lines": [], "start_line": 1}}, "classes": {"ChatService": {"executed_lines": [], "summary": {"covered_lines": 0, "num_statements": 76, "percent_covered": 0.0, "percent_covered_display": "0", "missing_lines": 76, "excluded_lines": 0, "percent_statements_covered": 0.0, "percent_statements_covered_display": "0"}, "missing_lines": [35, 40, 42, 43, 46, 52, 53, 55, 61, 66, 67, 70, 71, 72, 73, 74, 76, 78, 80, 82, 83, 87, 90, 91, 92, 93, 94, 95, 96, 98, 101, 103, 104, 105, 108, 109, 114, 115, 117, 118, 119, 124, 126, 127, 129, 130, 135, 138, 139, 143, 146, 158, 159, 162, 163, 171, 172, 173, 174, 175, 177, 178, 179, 181, 204, 207, 213, 214, 215, 217, 225, 226, 227, 228, 229, 230], "excluded_lines": [], "start_line": 19}, "": {"executed_lines": [], "summary": {"covered_lines": 0, "num_statements": 18, "percent_covered": 0.0, "percent_covered_display": "0", "missing_lines": 18, "excluded_lines": 0, "percent_statements_covered": 0.0, "percent_statements_covered_display": "0"}, "missing_lines": [3, 4, 5, 6, 7, 8, 9, 11, 12, 13, 14, 15, 17, 19, 22, 196, 223, 232], "excluded_lines": [], "start_line": 1}}}, "app\\services\\lead_service.py": {"executed_lines": [], "summary": {"covered_lines": 0, "num_statements": 119, "percent_covered": 0.0, "percent_covered_display": "0", "missing_lines": 119, "excluded_lines": 0, "percent_statements_covered": 0.0, "percent_statements_covered_display": "0"}, "missing_lines": [3, 4, 5, 6, 7, 9, 10, 12, 13, 14, 16, 19, 22, 23, 24, 25, 27, 35, 42, 43, 44, 47, 48, 49, 51, 53, 60, 63, 73, 74, 75, 76, 79, 81, 90, 91, 94, 102, 103, 106, 107, 110, 111, 113, 115, 123, 124, 127, 128, 130, 134, 135, 136, 137, 138, 139, 140, 142, 159, 161, 163, 164, 167, 170, 172, 173, 176, 177, 178, 179, 180, 181, 184, 185, 186, 187, 188, 189, 190, 191, 192, 193, 194, 197, 198, 199, 200, 203, 206, 207, 208, 210, 211, 213, 215, 233, 234, 238, 241, 242, 243, 244, 246, 248, 249, 250, 252, 258, 259, 262, 263, 266, 268, 272, 273, 274, 275, 277, 281], "excluded_lines": [], "functions": {"LeadCaptureService.__init__": {"executed_lines": [], "summary": {"covered_lines": 0, "num_statements": 3, "percent_covered": 0.0, "percent_covered_display": "0", "missing_lines": 3, "excluded_lines": 0, "percent_statements_covered": 0.0, "percent_statements_covered_display": "0"}, "missing_lines": [23, 24, 25], "excluded_lines": [], "start_line": 22}, "LeadCaptureService.extract_lead_info": {"executed_lines": [], "summary": {"covered_lines": 0, "num_statements": 8, "percent_covered": 0.0, "percent_covered_display": "0", "missing_lines": 8, "excluded_lines": 0, "percent_statements_covered": 0.0, "percent_statements_covered_display": "0"}, "missing_lines": [35, 42, 43, 44, 47, 48, 49, 51], "excluded_lines": [], "start_line": 27}, "LeadCaptureService.detect_intent": {"executed_lines": [], "summary": {"covered_lines": 0, "num_statements": 7, "percent_covered": 0.0, "percent_covered_display": "0", "missing_lines": 7, "excluded_lines": 0, "percent_statements_covered": 0.0, "percent_statements_covered_display": "0"}, "missing_lines": [60, 63, 73, 74, 75, 76, 79], "excluded_lines": [], "start_line": 53}, "LeadCaptureService.should_capture_email": {"executed_lines": [], "summary": {"covered_lines": 0, "num_statements": 10, "percent_covered": 0.0, "percent_covered_display": "0", "missing_lines": 10, "excluded_lines": 0, "percent_statements_covered": 0.0, "percent_statements_covered_display": "0"}, "missing_lines": [90, 91, 94, 102, 103, 106, 107, 110, 111, 113], "excluded_lines": [], "start_line": 81}, "LeadCaptureService.should_capture_name": {"executed_lines": [], "summary": {"covered_lines": 0, "num_statements": 4, "percent_covered": 0.0, "percent_covered_display": "0", "missing_lines": 4, "excluded_lines": 0, "percent_statements_covered": 0.0, "percent_statements_covered_display": "0"}, "missing_lines": [123, 124, 127, 128], "excluded_lines": [], "start_line": 115}, "LeadCaptureService.generate_name_capture_prompt": {"executed_lines": [], "summary": {"covered_lines": 0, "num_statements": 7, "percent_covered": 0.0, "percent_covered_display": "0", "missing_lines": 7, "excluded_lines": 0, "percent_statements_covered": 0.0, "percent_statements_covered_display": "0"}, "missing_lines": [134, 135, 136, 137, 138, 139, 140], "excluded_lines": [], "start_line": 130}, "LeadCaptureService.create_or_update_lead": {"executed_lines": [], "summary": {"covered_lines": 0, "num_statements": 48, "percent_covered": 0.0, "percent_covered_display": "0", "missing_lines": 48, "excluded_lines": 0, "percent_statements_covered": 0.0, "percent_statements_covered_display": "0"}, "missing_lines": [159, 161, 163, 164, 167, 170, 172, 173, 176, 177, 178, 179, 180, 181, 184, 185, 186, 187, 188, 189, 190, 191, 192, 193, 194, 197, 198, 199, 200, 203, 206, 207, 208, 210, 211, 213, 215, 233, 234, 238, 241, 242, 243, 244, 246, 248, 249, 250], "excluded_lines": [], "start_line": 142}, "LeadCaptureService._calculate_status": {"executed_lines": [], "summary": {"covered_lines": 0, "num_statements": 5, "percent_covered": 0.0, "percent_covered_display": "0", "missing_lines": 5, "excluded_lines": 0, "percent_statements_covered": 0.0, "percent_statements_covered_display": "0"}, "missing_lines": [258, 259, 262, 263, 266], "excluded_lines": [], "start_line": 252}, "LeadCaptureService.get_engagement_level": {"executed_lines": [], "summary": {"covered_lines": 0, "num_statements": 5, "percent_covered": 0.0, "percent_covered_display": "0", "missing_lines": 5, "excluded_lines": 0, "percent_statements_covered": 0.0, "percent_statements_covered_display": "0"}, "missing_lines": [272, 273, 274, 275, 277], "excluded_lines": [], "start_line": 268}, "": {"executed_lines": [], "summary": {"covered_lines": 0, "num_statements": 22, "percent_covered": 0.0, "percent_covered_display": "0", "missing_lines": 22, "excluded_lines": 0, "percent_statements_covered": 0.0, "percent_statements_covered_display": "0"}, "missing_lines": [3, 4, 5, 6, 7, 9, 10, 12, 13, 14, 16, 19, 22, 27, 53, 81, 115, 130, 142, 252, 268, 281], "excluded_lines": [], "start_line": 1}}, "classes": {"LeadCaptureService": {"executed_lines": [], "summary": {"covered_lines": 0, "num_statements": 97, "percent_covered": 0.0, "percent_covered_display": "0", "missing_lines": 97, "excluded_lines": 0, "percent_statements_covered": 0.0, "percent_statements_covered_display": "0"}, "missing_lines": [23, 24, 25, 35, 42, 43, 44, 47, 48, 49, 51, 60, 63, 73, 74, 75, 76, 79, 90, 91, 94, 102, 103, 106, 107, 110, 111, 113, 123, 124, 127, 128, 134, 135, 136, 137, 138, 139, 140, 159, 161, 163, 164, 167, 170, 172, 173, 176, 177, 178, 179, 180, 181, 184, 185, 186, 187, 188, 189, 190, 191, 192, 193, 194, 197, 198, 199, 200, 203, 206, 207, 208, 210, 211, 213, 215, 233, 234, 238, 241, 242, 243, 244, 246, 248, 249, 250, 258, 259, 262, 263, 266, 272, 273, 274, 275, 277], "excluded_lines": [], "start_line": 19}, "": {"executed_lines": [], "summary": {"covered_lines": 0, "num_statements": 22, "percent_covered": 0.0, "percent_covered_display": "0", "missing_lines": 22, "excluded_lines": 0, "percent_statements_covered": 0.0, "percent_statements_covered_display": "0"}, "missing_lines": [3, 4, 5, 6, 7, 9, 10, 12, 13, 14, 16, 19, 22, 27, 53, 81, 115, 130, 142, 252, 268, 281], "excluded_lines": [], "start_line": 1}}}, "app\\services\\rag_service.py": {"executed_lines": [], "summary": {"covered_lines": 0, "num_statements": 153, "percent_covered": 0.0, "percent_covered_display": "0", "missing_lines": 153, "excluded_lines": 0, "percent_statements_covered": 0.0, "percent_statements_covered_display": "0"}, "missing_lines": [3, 4, 5, 6, 8, 9, 10, 11, 12, 13, 14, 15, 16, 17, 18, 20, 23, 26, 27, 28, 29, 32, 33, 34, 35, 37, 56, 58, 59, 62, 63, 64, 67, 76, 77, 78, 81, 82, 85, 86, 87, 97, 100, 101, 103, 104, 106, 108, 110, 111, 112, 113, 115, 134, 136, 137, 140, 141, 144, 153, 154, 155, 158, 160, 161, 162, 172, 173, 175, 176, 178, 180, 182, 183, 184, 185, 187, 209, 211, 212, 219, 220, 221, 222, 226, 227, 228, 229, 232, 238, 244, 245, 247, 249, 250, 251, 253, 277, 283, 284, 285, 288, 294, 296, 298, 304, 309, 310, 314, 319, 320, 326, 333, 343, 346, 347, 349, 351, 353, 360, 361, 364, 367, 368, 370, 371, 372, 375, 376, 377, 379, 380, 382, 384, 387, 390, 391, 392, 402, 403, 407, 408, 410, 411, 412, 415, 417, 419, 420, 421, 423, 425, 433], "excluded_lines": [], "functions": {"RAGService.__init__": {"executed_lines": [], "summary": {"covered_lines": 0, "num_statements": 7, "percent_covered": 0.0, "percent_covered_display": "0", "missing_lines": 7, "excluded_lines": 0, "percent_statements_covered": 0.0, "percent_statements_covered_display": "0"}, "missing_lines": [27, 28, 29, 32, 33, 34, 35], "excluded_lines": [], "start_line": 26}, "RAGService.add_document": {"executed_lines": [], "summary": {"covered_lines": 0, "num_statements": 26, "percent_covered": 0.0, "percent_covered_display": "0", "missing_lines": 26, "excluded_lines": 0, "percent_statements_covered": 0.0, "percent_statements_covered_display": "0"}, "missing_lines": [56, 58, 59, 62, 63, 64, 67, 76, 77, 78, 81, 82, 85, 86, 87, 97, 100, 101, 103, 104, 106, 108, 110, 111, 112, 113], "excluded_lines": [], "start_line": 37}, "RAGService.add_url": {"executed_lines": [], "summary": {"covered_lines": 0, "num_statements": 23, "percent_covered": 0.0, "percent_covered_display": "0", "missing_lines": 23, "excluded_lines": 0, "percent_statements_covered": 0.0, "percent_statements_covered_display": "0"}, "missing_lines": [134, 136, 137, 140, 141, 144, 153, 154, 155, 158, 160, 161, 162, 172, 173, 175, 176, 178, 180, 182, 183, 184, 185], "excluded_lines": [], "start_line": 115}, "RAGService.query": {"executed_lines": [], "summary": {"covered_lines": 0, "num_statements": 19, "percent_covered": 0.0, "percent_covered_display": "0", "missing_lines": 19, "excluded_lines": 0, "percent_statements_covered": 0.0, "percent_statements_covered_display": "0"}, "missing_lines": [209, 211, 212, 219, 220, 221, 222, 226, 227, 228, 229, 232, 238, 244, 245, 247, 249, 250, 251], "excluded_lines": [], "start_line": 187}, "RAGService.chat": {"executed_lines": [], "summary": {"covered_lines": 0, "num_statements": 21, "percent_covered": 0.0, "percent_covered_display": "0", "missing_lines": 21, "excluded_lines": 0, "percent_statements_covered": 0.0, "percent_statements_covered_display": "0"}, "missing_lines": [277, 283, 284, 285, 288, 294, 296, 298, 304, 309, 310, 314, 319, 320, 326, 333, 343, 346, 347, 349, 351], "excluded_lines": [], "start_line": 253}, "RAGService.rebuild_index": {"executed_lines": [], "summary": {"covered_lines": 0, "num_statements": 31, "percent_covered": 0.0, "percent_covered_display": "0", "missing_lines": 31, "excluded_lines": 0, "percent_statements_covered": 0.0, "percent_statements_covered_display": "0"}, "missing_lines": [360, 361, 364, 367, 368, 370, 371, 372, 375, 376, 377, 379, 380, 382, 384, 387, 390, 391, 392, 402, 403, 407, 408, 410, 411, 412, 415, 417, 419, 420, 421], "excluded_lines": [], "start_line": 353}, "RAGService.get_stats": {"executed_lines": [], "summary": {"covered_lines": 0, "num_statements": 1, "percent_covered": 0.0, "percent_covered_display": "0", "missing_lines": 1, "excluded_lines": 0, "percent_statements_covered": 0.0, "percent_statements_covered_display": "0"}, "missing_lines": [425], "excluded_lines": [], "start_line": 423}, "": {"executed_lines": [], "summary": {"covered_lines": 0, "num_statements": 25, "percent_covered": 0.0, "percent_covered_display": "0", "missing_lines": 25, "excluded_lines": 0, "percent_statements_covered": 0.0, "percent_statements_covered_display": "0"}, "missing_lines": [3, 4, 5, 6, 8, 9, 10, 11, 12, 13, 14, 15, 16, 17, 18, 20, 23, 26, 37, 115, 187, 253, 353, 423, 433], "excluded_lines": [], "start_line": 1}}, "classes": {"RAGService": {"executed_lines": [], "summary": {"covered_lines": 0, "num_statements": 128, "percent_covered": 0.0, "percent_covered_display": "0", "missing_lines": 128, "excluded_lines": 0, "percent_statements_covered": 0.0, "percent_statements_covered_display": "0"}, "missing_lines": [27, 28, 29, 32, 33, 34, 35, 56, 58, 59, 62, 63, 64, 67, 76, 77, 78, 81, 82, 85, 86, 87, 97, 100, 101, 103, 104, 106, 108, 110, 111, 112, 113, 134, 136, 137, 140, 141, 144, 153, 154, 155, 158, 160, 161, 162, 172, 173, 175, 176, 178, 180, 182, 183, 184, 185, 209, 211, 212, 219, 220, 221, 222, 226, 227, 228, 229, 232, 238, 244, 245, 247, 249, 250, 251, 277, 283, 284, 285, 288, 294, 296, 298, 304, 309, 310, 314, 319, 320, 326, 333, 343, 346, 347, 349, 351, 360, 361, 364, 367, 368, 370, 371, 372, 375, 376, 377, 379, 380, 382, 384, 387, 390, 391, 392, 402, 403, 407, 408, 410, 411, 412, 415, 417, 419, 420, 421, 425], "excluded_lines": [], "start_line": 23}, "": {"executed_lines": [], "summary": {"covered_lines": 0, "num_statements": 25, "percent_covered": 0.0, "percent_covered_display": "0", "missing_lines": 25, "excluded_lines": 0, "percent_statements_covered": 0.0, "percent_statements_covered_display": "0"}, "missing_lines": [3, 4, 5, 6, 8, 9, 10, 11, 12, 13, 14, 15, 16, 17, 18, 20, 23, 26, 37, 115, 187, 253, 353, 423, 433], "excluded_lines": [], "start_line": 1}}}}, "totals": {"covered_lines": 470, "num_statements": 2341, "percent_covered": 20.076890217855617, "percent_covered_display": "20", "missing_lines": 1871, "excluded_lines": 1, "percent_statements_covered": 20.076890217855617, "percent_statements_covered_display": "20"}}